[2024-05-22 15:18:11] [INFO]    [OmnipathR] Welcome to OmnipathR!
[2024-05-22 15:18:11] [TRACE]   [OmnipathR] Reading JSON from `C:\Users\nmeim\AppData\Local\cache\OmnipathR/cache.json` (encoding: UTF-8).
[2024-05-22 15:18:11] [TRACE]   [OmnipathR] JSON validation successful: TRUE
[2024-05-22 15:18:11] [INFO]    [OmnipathR] Initialized cache: `C:\Users\nmeim\AppData\Local\cache\OmnipathR`.
[2024-05-22 15:18:11] [TRACE]   [OmnipathR] Reading JSON from `C:/Users/nmeim/Documents/R/win-library/4.1/OmnipathR/db/db_def.json` (encoding: UTF-8).
[2024-05-22 15:18:11] [TRACE]   [OmnipathR] JSON validation successful: TRUE
[2024-05-22 15:18:11] [TRACE]   [OmnipathR] Reading JSON from `C:/Users/nmeim/Documents/R/win-library/4.1/OmnipathR/internal/magic_bytes.json` (encoding: UTF-8).
[2024-05-22 15:18:11] [TRACE]   [OmnipathR] JSON validation successful: TRUE
[2024-05-22 15:18:11] [TRACE]   [OmnipathR] Reading JSON from `C:/Users/nmeim/Documents/R/win-library/4.1/OmnipathR/internal/urls.json` (encoding: UTF-8).
[2024-05-22 15:18:11] [TRACE]   [OmnipathR] JSON validation successful: TRUE
[2024-05-22 15:18:11] [TRACE]   [OmnipathR] Reading JSON from `C:/Users/nmeim/Documents/R/win-library/4.1/OmnipathR/internal/id_types.json` (encoding: UTF-8).
[2024-05-22 15:18:11] [TRACE]   [OmnipathR] JSON validation successful: TRUE
[2024-05-22 15:18:54] [INFO]    [OmnipathR] Welcome to OmnipathR!
[2024-05-22 15:18:54] [TRACE]   [OmnipathR] Reading JSON from `C:\Users\nmeim\AppData\Local\cache\OmnipathR/cache.json` (encoding: UTF-8).
[2024-05-22 15:18:54] [TRACE]   [OmnipathR] JSON validation successful: TRUE
[2024-05-22 15:18:54] [INFO]    [OmnipathR] Initialized cache: `C:\Users\nmeim\AppData\Local\cache\OmnipathR`.
[2024-05-22 15:18:54] [TRACE]   [OmnipathR] Reading JSON from `C:/Users/nmeim/Documents/R/win-library/4.1/OmnipathR/db/db_def.json` (encoding: UTF-8).
[2024-05-22 15:18:54] [TRACE]   [OmnipathR] JSON validation successful: TRUE
[2024-05-22 15:18:54] [TRACE]   [OmnipathR] Reading JSON from `C:/Users/nmeim/Documents/R/win-library/4.1/OmnipathR/internal/magic_bytes.json` (encoding: UTF-8).
[2024-05-22 15:18:54] [TRACE]   [OmnipathR] JSON validation successful: TRUE
[2024-05-22 15:18:54] [TRACE]   [OmnipathR] Reading JSON from `C:/Users/nmeim/Documents/R/win-library/4.1/OmnipathR/internal/urls.json` (encoding: UTF-8).
[2024-05-22 15:18:54] [TRACE]   [OmnipathR] JSON validation successful: TRUE
[2024-05-22 15:18:54] [TRACE]   [OmnipathR] Reading JSON from `C:/Users/nmeim/Documents/R/win-library/4.1/OmnipathR/internal/id_types.json` (encoding: UTF-8).
[2024-05-22 15:18:54] [TRACE]   [OmnipathR] JSON validation successful: TRUE
