[2024-07-02 18:17:26] [INFO]    [OmnipathR] Welcome to OmnipathR!
[2024-07-02 18:17:26] [TRACE]   [OmnipathR] Reading JSON from `C:\Users\nmeim\AppData\Local\cache\OmnipathR/cache.json` (encoding: UTF-8).
[2024-07-02 18:17:26] [TRACE]   [OmnipathR] JSON validation successful: TRUE
[2024-07-02 18:17:26] [INFO]    [OmnipathR] Initialized cache: `C:\Users\nmeim\AppData\Local\cache\OmnipathR`.
[2024-07-02 18:17:26] [TRACE]   [OmnipathR] Reading JSON from `C:/Users/nmeim/Documents/R/win-library/4.1/OmnipathR/db/db_def.json` (encoding: UTF-8).
[2024-07-02 18:17:26] [TRACE]   [OmnipathR] JSON validation successful: TRUE
[2024-07-02 18:17:26] [TRACE]   [OmnipathR] Reading JSON from `C:/Users/nmeim/Documents/R/win-library/4.1/OmnipathR/internal/magic_bytes.json` (encoding: UTF-8).
[2024-07-02 18:17:26] [TRACE]   [OmnipathR] JSON validation successful: TRUE
[2024-07-02 18:17:27] [TRACE]   [OmnipathR] Reading JSON from `C:/Users/nmeim/Documents/R/win-library/4.1/OmnipathR/internal/urls.json` (encoding: UTF-8).
[2024-07-02 18:17:27] [TRACE]   [OmnipathR] JSON validation successful: TRUE
[2024-07-02 18:17:27] [TRACE]   [OmnipathR] Reading JSON from `C:/Users/nmeim/Documents/R/win-library/4.1/OmnipathR/internal/id_types.json` (encoding: UTF-8).
[2024-07-02 18:17:27] [TRACE]   [OmnipathR] JSON validation successful: TRUE
[2024-07-02 18:17:46] [TRACE]   [OmnipathR] Reading JSON from `https://omnipathdb.org/resources` (encoding: UTF-8).
[2024-07-02 18:17:46] [TRACE]   [OmnipathR] JSON validation successful: TRUE
[2024-07-02 18:17:46] [INFO]    [OmnipathR] Loading database `Ensembl and OMA organism names`.
[2024-07-02 18:17:46] [INFO]    [OmnipathR] Looking up in cache `https://www.ensembl.org/info/about/species.html`: key=7332486db7400730697234bad76ca0c8e4d00799, latest version=1.
[2024-07-02 18:17:46] [TRACE]   [OmnipathR] Cache file path: C:\Users\nmeim\AppData\Local\cache\OmnipathR/7332486db7400730697234bad76ca0c8e4d00799-1.html
[2024-07-02 18:17:46] [TRACE]   [OmnipathR] Looking up in cache: `https://omabrowser.org/All/oma-species.txt`.
[2024-07-02 18:17:46] [TRACE]   [OmnipathR] Loaded data from RDS `C:\Users\nmeim\AppData\Local\cache\OmnipathR/30e690cbb55dfc63b5903ab337f34ffc2f4be397-1.rds`.
[2024-07-02 18:17:47] [INFO]    [OmnipathR] Loaded database `Ensembl and OMA organism names`.
[2024-07-02 18:17:47] [TRACE]   [OmnipathR] Reading JSON from `https://omnipathdb.org/resources` (encoding: UTF-8).
[2024-07-02 18:17:47] [TRACE]   [OmnipathR] JSON validation successful: TRUE
[2024-07-02 18:17:47] [TRACE]   [OmnipathR] Looking up in cache: `https://omnipathdb.org/annotations?resources=PROGENy&license=academic`
[2024-07-02 18:17:48] [TRACE]   [OmnipathR] Loaded data from RDS `C:\Users\nmeim\AppData\Local\cache\OmnipathR/3492392585ba05414edfae46801492076437d7e7-1.rds`.
[2024-07-02 18:17:48] [INFO]    [OmnipathR] Loaded from cache: `https://omnipathdb.org/annotations?resources=PROGENy&license=academic`
[2024-07-02 18:17:48] [SUCCESS] [OmnipathR] Loaded 700239 annotation records from cache.
[2024-07-02 18:32:00] [TRACE]   [OmnipathR] Reading JSON from `https://omnipathdb.org/resources` (encoding: UTF-8).
[2024-07-02 18:32:00] [TRACE]   [OmnipathR] JSON validation successful: TRUE
[2024-07-02 18:32:01] [TRACE]   [OmnipathR] Reading JSON from `https://omnipathdb.org/resources` (encoding: UTF-8).
[2024-07-02 18:32:01] [TRACE]   [OmnipathR] JSON validation successful: TRUE
[2024-07-02 18:32:01] [TRACE]   [OmnipathR] Looking up in cache: `https://omnipathdb.org/annotations?resources=PROGENy&license=academic`
[2024-07-02 18:32:01] [TRACE]   [OmnipathR] Loaded data from RDS `C:\Users\nmeim\AppData\Local\cache\OmnipathR/3492392585ba05414edfae46801492076437d7e7-1.rds`.
[2024-07-02 18:32:01] [INFO]    [OmnipathR] Loaded from cache: `https://omnipathdb.org/annotations?resources=PROGENy&license=academic`
[2024-07-02 18:32:01] [SUCCESS] [OmnipathR] Loaded 700239 annotation records from cache.
[2024-07-02 18:32:03] [TRACE]   [OmnipathR] Reading JSON from `https://omnipathdb.org/resources` (encoding: UTF-8).
[2024-07-02 18:32:03] [TRACE]   [OmnipathR] JSON validation successful: TRUE
[2024-07-02 18:32:04] [TRACE]   [OmnipathR] Reading JSON from `https://omnipathdb.org/resources` (encoding: UTF-8).
[2024-07-02 18:32:04] [TRACE]   [OmnipathR] JSON validation successful: TRUE
[2024-07-02 18:32:04] [TRACE]   [OmnipathR] Looking up in cache: `https://omnipathdb.org/annotations?resources=PROGENy&license=academic`
[2024-07-02 18:32:04] [TRACE]   [OmnipathR] Loaded data from RDS `C:\Users\nmeim\AppData\Local\cache\OmnipathR/3492392585ba05414edfae46801492076437d7e7-1.rds`.
[2024-07-02 18:32:04] [INFO]    [OmnipathR] Loaded from cache: `https://omnipathdb.org/annotations?resources=PROGENy&license=academic`
[2024-07-02 18:32:04] [SUCCESS] [OmnipathR] Loaded 700239 annotation records from cache.
