[2024-05-22 15:21:33] [INFO]    [OmnipathR] Welcome to OmnipathR!
[2024-05-22 15:21:33] [TRACE]   [OmnipathR] Reading JSON from `C:\Users\nmeim\AppData\Local\cache\OmnipathR/cache.json` (encoding: UTF-8).
[2024-05-22 15:21:33] [TRACE]   [OmnipathR] JSON validation successful: TRUE
[2024-05-22 15:21:33] [INFO]    [OmnipathR] Initialized cache: `C:\Users\nmeim\AppData\Local\cache\OmnipathR`.
[2024-05-22 15:21:33] [TRACE]   [OmnipathR] Reading JSON from `C:/Users/nmeim/Documents/R/win-library/4.1/OmnipathR/db/db_def.json` (encoding: UTF-8).
[2024-05-22 15:21:34] [TRACE]   [OmnipathR] JSON validation successful: TRUE
[2024-05-22 15:21:34] [TRACE]   [OmnipathR] Reading JSON from `C:/Users/nmeim/Documents/R/win-library/4.1/OmnipathR/internal/magic_bytes.json` (encoding: UTF-8).
[2024-05-22 15:21:34] [TRACE]   [OmnipathR] JSON validation successful: TRUE
[2024-05-22 15:21:34] [TRACE]   [OmnipathR] Reading JSON from `C:/Users/nmeim/Documents/R/win-library/4.1/OmnipathR/internal/urls.json` (encoding: UTF-8).
[2024-05-22 15:21:34] [TRACE]   [OmnipathR] JSON validation successful: TRUE
[2024-05-22 15:21:34] [TRACE]   [OmnipathR] Reading JSON from `C:/Users/nmeim/Documents/R/win-library/4.1/OmnipathR/internal/id_types.json` (encoding: UTF-8).
[2024-05-22 15:21:34] [TRACE]   [OmnipathR] JSON validation successful: TRUE
[2024-05-22 15:21:47] [INFO]    [OmnipathR] Welcome to OmnipathR!
[2024-05-22 15:21:47] [TRACE]   [OmnipathR] Reading JSON from `C:\Users\nmeim\AppData\Local\cache\OmnipathR/cache.json` (encoding: UTF-8).
[2024-05-22 15:21:47] [TRACE]   [OmnipathR] JSON validation successful: TRUE
[2024-05-22 15:21:47] [INFO]    [OmnipathR] Initialized cache: `C:\Users\nmeim\AppData\Local\cache\OmnipathR`.
[2024-05-22 15:21:47] [TRACE]   [OmnipathR] Reading JSON from `C:/Users/nmeim/Documents/R/win-library/4.1/OmnipathR/db/db_def.json` (encoding: UTF-8).
[2024-05-22 15:21:47] [TRACE]   [OmnipathR] JSON validation successful: TRUE
[2024-05-22 15:21:47] [TRACE]   [OmnipathR] Reading JSON from `C:/Users/nmeim/Documents/R/win-library/4.1/OmnipathR/internal/magic_bytes.json` (encoding: UTF-8).
[2024-05-22 15:21:47] [TRACE]   [OmnipathR] JSON validation successful: TRUE
[2024-05-22 15:21:47] [TRACE]   [OmnipathR] Reading JSON from `C:/Users/nmeim/Documents/R/win-library/4.1/OmnipathR/internal/urls.json` (encoding: UTF-8).
[2024-05-22 15:21:47] [TRACE]   [OmnipathR] JSON validation successful: TRUE
[2024-05-22 15:21:47] [TRACE]   [OmnipathR] Reading JSON from `C:/Users/nmeim/Documents/R/win-library/4.1/OmnipathR/internal/id_types.json` (encoding: UTF-8).
[2024-05-22 15:21:47] [TRACE]   [OmnipathR] JSON validation successful: TRUE
[2024-05-22 17:36:25] [TRACE]   [OmnipathR] Reading JSON from `https://omnipathdb.org/resources` (encoding: UTF-8).
[2024-05-22 17:36:25] [TRACE]   [OmnipathR] JSON validation successful: TRUE
[2024-05-22 17:36:25] [INFO]    [OmnipathR] Loading database `Ensembl and OMA organism names`.
[2024-05-22 17:36:25] [INFO]    [OmnipathR] Looking up in cache `https://www.ensembl.org/info/about/species.html`: key=7332486db7400730697234bad76ca0c8e4d00799, latest version=1.
[2024-05-22 17:36:25] [TRACE]   [OmnipathR] Cache file path: C:\Users\nmeim\AppData\Local\cache\OmnipathR/7332486db7400730697234bad76ca0c8e4d00799-1.html
[2024-05-22 17:36:25] [TRACE]   [OmnipathR] Looking up in cache: `https://omabrowser.org/All/oma-species.txt`.
[2024-05-22 17:36:25] [TRACE]   [OmnipathR] Loaded data from RDS `C:\Users\nmeim\AppData\Local\cache\OmnipathR/30e690cbb55dfc63b5903ab337f34ffc2f4be397-1.rds`.
[2024-05-22 17:36:25] [INFO]    [OmnipathR] Loaded database `Ensembl and OMA organism names`.
[2024-05-22 17:36:26] [TRACE]   [OmnipathR] Reading JSON from `https://omnipathdb.org/resources` (encoding: UTF-8).
[2024-05-22 17:36:26] [TRACE]   [OmnipathR] JSON validation successful: TRUE
[2024-05-22 17:36:26] [TRACE]   [OmnipathR] Looking up in cache: `https://omnipathdb.org/annotations?resources=PROGENy&license=academic`
[2024-05-22 17:36:26] [TRACE]   [OmnipathR] Loaded data from RDS `C:\Users\nmeim\AppData\Local\cache\OmnipathR/3492392585ba05414edfae46801492076437d7e7-1.rds`.
[2024-05-22 17:36:26] [INFO]    [OmnipathR] Loaded from cache: `https://omnipathdb.org/annotations?resources=PROGENy&license=academic`
[2024-05-22 17:36:26] [SUCCESS] [OmnipathR] Loaded 700239 annotation records from cache.
[2024-05-22 17:37:10] [TRACE]   [OmnipathR] Reading JSON from `https://omnipathdb.org/resources` (encoding: UTF-8).
[2024-05-22 17:37:10] [TRACE]   [OmnipathR] JSON validation successful: TRUE
[2024-05-22 17:37:11] [TRACE]   [OmnipathR] Reading JSON from `https://omnipathdb.org/resources` (encoding: UTF-8).
[2024-05-22 17:37:11] [TRACE]   [OmnipathR] JSON validation successful: TRUE
[2024-05-22 17:37:11] [TRACE]   [OmnipathR] Looking up in cache: `https://omnipathdb.org/annotations?resources=PROGENy&license=academic`
[2024-05-22 17:37:11] [TRACE]   [OmnipathR] Loaded data from RDS `C:\Users\nmeim\AppData\Local\cache\OmnipathR/3492392585ba05414edfae46801492076437d7e7-1.rds`.
[2024-05-22 17:37:11] [INFO]    [OmnipathR] Loaded from cache: `https://omnipathdb.org/annotations?resources=PROGENy&license=academic`
[2024-05-22 17:37:11] [SUCCESS] [OmnipathR] Loaded 700239 annotation records from cache.
[2024-05-22 17:38:00] [TRACE]   [OmnipathR] Reading JSON from `https://omnipathdb.org/resources` (encoding: UTF-8).
[2024-05-22 17:38:00] [TRACE]   [OmnipathR] JSON validation successful: TRUE
[2024-05-22 17:38:00] [TRACE]   [OmnipathR] Reading JSON from `https://omnipathdb.org/resources` (encoding: UTF-8).
[2024-05-22 17:38:00] [TRACE]   [OmnipathR] JSON validation successful: TRUE
[2024-05-22 17:38:00] [TRACE]   [OmnipathR] Looking up in cache: `https://omnipathdb.org/annotations?resources=PROGENy&license=academic`
[2024-05-22 17:38:01] [TRACE]   [OmnipathR] Loaded data from RDS `C:\Users\nmeim\AppData\Local\cache\OmnipathR/3492392585ba05414edfae46801492076437d7e7-1.rds`.
[2024-05-22 17:38:01] [INFO]    [OmnipathR] Loaded from cache: `https://omnipathdb.org/annotations?resources=PROGENy&license=academic`
[2024-05-22 17:38:01] [SUCCESS] [OmnipathR] Loaded 700239 annotation records from cache.
[2024-05-22 18:20:51] [TRACE]   [OmnipathR] Reading JSON from `https://omnipathdb.org/resources` (encoding: UTF-8).
[2024-05-22 18:20:51] [TRACE]   [OmnipathR] JSON validation successful: TRUE
[2024-05-22 18:20:51] [TRACE]   [OmnipathR] Reading JSON from `https://omnipathdb.org/resources` (encoding: UTF-8).
[2024-05-22 18:20:51] [TRACE]   [OmnipathR] JSON validation successful: TRUE
[2024-05-22 18:20:51] [TRACE]   [OmnipathR] Looking up in cache: `https://omnipathdb.org/annotations?resources=PROGENy&license=academic`
[2024-05-22 18:20:52] [TRACE]   [OmnipathR] Loaded data from RDS `C:\Users\nmeim\AppData\Local\cache\OmnipathR/3492392585ba05414edfae46801492076437d7e7-1.rds`.
[2024-05-22 18:20:52] [INFO]    [OmnipathR] Loaded from cache: `https://omnipathdb.org/annotations?resources=PROGENy&license=academic`
[2024-05-22 18:20:52] [SUCCESS] [OmnipathR] Loaded 700239 annotation records from cache.
[2024-05-22 18:21:17] [TRACE]   [OmnipathR] Reading JSON from `https://omnipathdb.org/resources` (encoding: UTF-8).
[2024-05-22 18:21:17] [TRACE]   [OmnipathR] JSON validation successful: TRUE
[2024-05-22 18:21:17] [TRACE]   [OmnipathR] Reading JSON from `https://omnipathdb.org/resources` (encoding: UTF-8).
[2024-05-22 18:21:17] [TRACE]   [OmnipathR] JSON validation successful: TRUE
[2024-05-22 18:21:17] [TRACE]   [OmnipathR] Looking up in cache: `https://omnipathdb.org/annotations?resources=PROGENy&license=academic`
[2024-05-22 18:21:18] [TRACE]   [OmnipathR] Loaded data from RDS `C:\Users\nmeim\AppData\Local\cache\OmnipathR/3492392585ba05414edfae46801492076437d7e7-1.rds`.
[2024-05-22 18:21:18] [INFO]    [OmnipathR] Loaded from cache: `https://omnipathdb.org/annotations?resources=PROGENy&license=academic`
[2024-05-22 18:21:18] [SUCCESS] [OmnipathR] Loaded 700239 annotation records from cache.
[2024-05-22 18:24:37] [TRACE]   [OmnipathR] Reading JSON from `https://omnipathdb.org/resources` (encoding: UTF-8).
[2024-05-22 18:24:37] [TRACE]   [OmnipathR] JSON validation successful: TRUE
[2024-05-22 18:24:37] [TRACE]   [OmnipathR] Reading JSON from `https://omnipathdb.org/resources` (encoding: UTF-8).
[2024-05-22 18:24:37] [TRACE]   [OmnipathR] JSON validation successful: TRUE
[2024-05-22 18:24:37] [TRACE]   [OmnipathR] Looking up in cache: `https://omnipathdb.org/annotations?resources=PROGENy&license=academic`
[2024-05-22 18:24:38] [TRACE]   [OmnipathR] Loaded data from RDS `C:\Users\nmeim\AppData\Local\cache\OmnipathR/3492392585ba05414edfae46801492076437d7e7-1.rds`.
[2024-05-22 18:24:38] [INFO]    [OmnipathR] Loaded from cache: `https://omnipathdb.org/annotations?resources=PROGENy&license=academic`
[2024-05-22 18:24:38] [SUCCESS] [OmnipathR] Loaded 700239 annotation records from cache.
[2024-05-22 18:26:13] [TRACE]   [OmnipathR] Reading JSON from `https://omnipathdb.org/resources` (encoding: UTF-8).
[2024-05-22 18:26:13] [TRACE]   [OmnipathR] JSON validation successful: TRUE
[2024-05-22 18:26:14] [TRACE]   [OmnipathR] Reading JSON from `https://omnipathdb.org/resources` (encoding: UTF-8).
[2024-05-22 18:26:14] [TRACE]   [OmnipathR] JSON validation successful: TRUE
[2024-05-22 18:26:14] [TRACE]   [OmnipathR] Looking up in cache: `https://omnipathdb.org/annotations?resources=PROGENy&license=academic`
[2024-05-22 18:26:14] [TRACE]   [OmnipathR] Loaded data from RDS `C:\Users\nmeim\AppData\Local\cache\OmnipathR/3492392585ba05414edfae46801492076437d7e7-1.rds`.
[2024-05-22 18:26:14] [INFO]    [OmnipathR] Loaded from cache: `https://omnipathdb.org/annotations?resources=PROGENy&license=academic`
[2024-05-22 18:26:14] [SUCCESS] [OmnipathR] Loaded 700239 annotation records from cache.
