* using log directory 'C:/Users/nmeim/Documents/LiverModeling/FattyLiverModeling/src/R/LIVIVTRA.Rcheck'
* using R version 4.1.2 (2021-11-01)
* using platform: x86_64-w64-mingw32 (64-bit)
* using session charset: ISO8859-1
* using options '--no-manual --as-cran'
* checking for file 'LIVIVTRA/DESCRIPTION' ... OK
* checking extension type ... Package
* this is package 'LIVIVTRA' version '0.1.0'
* package encoding: UTF-8
* checking package namespace information ... OK
* checking package dependencies ... OK
* checking if this is a source package ... OK
* checking if there is a namespace ... OK
* checking for executable files ... OK
* checking for hidden files and directories ... OK
* checking for portable file names ... OK
* checking serialization versions ... OK
* checking whether package 'LIVIVTRA' can be installed ... WARNING
Found the following significant warnings:
  Warning: package 'tidyverse' was built under R version 4.1.3
  Warning: package 'tibble' was built under R version 4.1.3
  Warning: package 'readr' was built under R version 4.1.3
  Warning: package 'purrr' was built under R version 4.1.3
  Warning: package 'dplyr' was built under R version 4.1.3
  Warning: package 'forcats' was built under R version 4.1.3
  Warning: package 'ggfortify' was built under R version 4.1.3
  Warning: package 'ggpubr' was built under R version 4.1.3
See 'C:/Users/nmeim/Documents/LiverModeling/FattyLiverModeling/src/R/LIVIVTRA.Rcheck/00install.out' for details.
* checking installed package size ... OK
* checking package directory ... OK
* checking for future file timestamps ... OK
* checking DESCRIPTION meta-information ... OK
* checking top-level files ... NOTE
Non-standard file/directory found at top level:
  'omnipathr-log'
* checking for left-over files ... OK
* checking index information ... OK
* checking package subdirectories ... OK
* checking R files for non-ASCII characters ... OK
* checking R files for syntax errors ... OK
* checking whether the package can be loaded ... OK
* checking whether the package can be loaded with stated dependencies ... OK
* checking whether the package can be unloaded cleanly ... OK
* checking whether the namespace can be loaded with stated dependencies ... OK
* checking whether the namespace can be unloaded cleanly ... OK
* checking loading without being on the library search path ... OK
* checking dependencies in R code ... WARNING
'library' or 'require' calls not declared from:
  'AnnotationDbi' 'EGSEAdata' 'fgsea' 'gage' 'org.Hs.eg.db' 'tidyverse'
'library' or 'require' calls in package code:
  'AnnotationDbi' 'EGSEAdata' 'fgsea' 'gage' 'org.Hs.eg.db' 'tidyverse'
  Please use :: or requireNamespace() instead.
  See section 'Suggested packages' in the 'Writing R Extensions' manual.
* checking S3 generic/method consistency ... OK
* checking replacement functions ... OK
* checking foreign function calls ... OK
* checking R code for possible problems ... NOTE
HallmarksFastenrichment: no visible global function definition for
  'egsea.data'
HallmarksFastenrichment: no visible binding for global variable
  'msigdb'
HallmarksFastenrichment: no visible global function definition for
  'str_split'
HallmarksFastenrichment: no visible binding for global variable 'fgsea'
HallmarksFastenrichment: no visible global function definition for
  '%>%'
HallmarksFastenrichment: no visible global function definition for
  'rownames_to_column'
HallmarksFastenrichment: no visible global function definition for
  'gather'
HallmarksFastenrichment: no visible binding for global variable
  'Hallmark'
HallmarksFastenrichment: no visible global function definition for
  'left_join'
HallmarksFastenrichment: no visible global function definition for
  'mutate'
HallmarksFastenrichment: no visible global function definition for
  'str_replace_all'
HallmarksFastenrichment: no visible global function definition for
  'ggplot'
HallmarksFastenrichment: no visible global function definition for
  'filter'
HallmarksFastenrichment: no visible binding for global variable 'LV'
HallmarksFastenrichment: no visible global function definition for
  'arrange'
HallmarksFastenrichment: no visible binding for global variable 'padj'
HallmarksFastenrichment: no visible global function definition for
  'aes'
HallmarksFastenrichment: no visible global function definition for
  'reorder'
HallmarksFastenrichment: no visible global function definition for
  'geom_bar'
HallmarksFastenrichment: no visible global function definition for
  'scale_fill_gradient2'
HallmarksFastenrichment: no visible global function definition for
  'xlab'
HallmarksFastenrichment: no visible global function definition for
  'ylab'
HallmarksFastenrichment: no visible global function definition for
  'ggtitle'
HallmarksFastenrichment: no visible global function definition for
  'theme_minimal'
HallmarksFastenrichment: no visible global function definition for
  'theme'
HallmarksFastenrichment: no visible global function definition for
  'element_text'
HallmarksFastenrichment: no visible global function definition for
  'unit'
eval_f: no visible global function definition for '%>%'
find_extra_basis: no visible global function definition for '%>%'
livivtra_run: no visible global function definition for 'opls'
livivtra_run: no visible global function definition for 'predict'
livivtra_run: no visible global function definition for 'cor'
livivtra_run_CV: no visible global function definition for
  'createMultiFolds'
livivtra_run_CV: no visible global function definition for 'opls'
livivtra_run_CV: no visible global function definition for 'predict'
livivtra_run_CV: no visible global function definition for 'cor'
optim_function_evolutionary: no visible global function definition for
  'rnorm'
optim_function_evolutionary: no visible global function definition for
  'var'
optim_function_evolutionary: no visible global function definition for
  'median'
pathway_activity_interpretation: no visible global function definition
  for '%>%'
pathway_activity_interpretation: no visible global function definition
  for 'select'
pathway_activity_interpretation: no visible binding for global variable
  'statistic'
pathway_activity_interpretation: no visible binding for global variable
  'p_value'
pathway_activity_interpretation: no visible global function definition
  for 'group_by'
pathway_activity_interpretation: no visible binding for global variable
  'condition'
pathway_activity_interpretation: no visible binding for global variable
  'Pathway'
pathway_activity_interpretation: no visible global function definition
  for 'mutate'
pathway_activity_interpretation: no visible binding for global variable
  'score'
pathway_activity_interpretation: no visible binding for global variable
  'p.adj'
pathway_activity_interpretation: no visible global function definition
  for 'ggplot'
pathway_activity_interpretation: no visible global function definition
  for 'filter'
pathway_activity_interpretation: no visible global function definition
  for 'aes'
pathway_activity_interpretation: no visible binding for global variable
  'activity'
pathway_activity_interpretation: no visible global function definition
  for 'reorder'
pathway_activity_interpretation: no visible global function definition
  for 'geom_bar'
pathway_activity_interpretation: no visible global function definition
  for 'scale_fill_gradient2'
pathway_activity_interpretation: no visible global function definition
  for 'scale_x_continuous'
pathway_activity_interpretation: no visible global function definition
  for 'ggtitle'
pathway_activity_interpretation: no visible global function definition
  for 'ylab'
pathway_activity_interpretation: no visible global function definition
  for 'geom_text'
pathway_activity_interpretation: no visible global function definition
  for 'theme_minimal'
pathway_activity_interpretation: no visible global function definition
  for 'theme'
pathway_activity_interpretation: no visible global function definition
  for 'element_text'
pca_center: no visible global function definition for 'prcomp'
plot_gene_loadings: no visible global function definition for '%>%'
plot_gene_loadings: no visible global function definition for
  'rownames_to_column'
plot_gene_loadings: no visible global function definition for 'select'
plot_gene_loadings: no visible binding for global variable 'gene'
plot_gene_loadings: no visible global function definition for 'ggplot'
plot_gene_loadings: no visible global function definition for 'aes'
plot_gene_loadings: no visible binding for global variable 'LV'
plot_gene_loadings: no visible binding for global variable
  'significant'
plot_gene_loadings: no visible global function definition for
  'geom_point'
plot_gene_loadings: no visible global function definition for
  'geom_text_repel'
plot_gene_loadings: no visible global function definition for 'xlab'
plot_gene_loadings: no visible global function definition for 'ylab'
plot_gene_loadings: no visible global function definition for
  'theme_pubr'
plot_gene_loadings: no visible global function definition for 'theme'
plot_gene_loadings: no visible global function definition for
  'element_text'
process_datasets: no visible global function definition for 'rowVars'
process_datasets: no visible global function definition for 'plot_bars'
process_datasets: no visible global function definition for 'aes'
process_datasets: no visible binding for global variable 'PC'
process_datasets: no visible binding for global variable 'Var'
process_datasets: no visible global function definition for
  'geom_vline'
process_datasets: no visible global function definition for
  'plot_scatter'
rank_LV_MPS: no visible global function definition for 'predict'
rank_LV_MPS: no visible global function definition for 'lm'
Undefined global functions or variables:
  %>% Hallmark LV PC Pathway Var activity aes arrange condition cor
  createMultiFolds egsea.data element_text fgsea filter gather gene
  geom_bar geom_point geom_text geom_text_repel geom_vline ggplot
  ggtitle group_by left_join lm median msigdb mutate opls p.adj p_value
  padj plot_bars plot_scatter prcomp predict reorder rnorm rowVars
  rownames_to_column scale_fill_gradient2 scale_x_continuous score
  select significant statistic str_replace_all str_split theme
  theme_minimal theme_pubr unit var xlab ylab
Consider adding
  importFrom("stats", "cor", "filter", "lm", "median", "prcomp",
             "predict", "reorder", "rnorm", "var")
to your NAMESPACE file.
* checking Rd files ... OK
* checking Rd metadata ... OK
* checking Rd line widths ... OK
* checking Rd cross-references ... OK
* checking for missing documentation entries ... WARNING
Undocumented code objects:
  'HallmarksFastenrichment' 'analytical_solution_opt' 'eval_f'
  'find_extra_basis' 'get_translatable_LV' 'livivtra_run'
  'livivtra_run_CV' 'optim_function_evolutionary'
  'pathway_activity_interpretation' 'pca_center' 'plot_gene_loadings'
  'process_datasets' 'rank_LV_MPS'
All user-level objects in a package should have documentation entries.
See chapter 'Writing R documentation files' in the 'Writing R
Extensions' manual.
* checking for code/documentation mismatches ... OK
* checking Rd \usage sections ... OK
* checking Rd contents ... OK
* checking for unstated dependencies in examples ... OK
* checking examples ... OK
* checking for non-standard things in the check directory ... OK
* checking for detritus in the temp directory ... OK
* DONE
Status: 3 WARNINGs, 2 NOTEs
