* installing *source* package 'LIVIVTRA' ...
** using staged installation
** R
** byte-compile and prepare package for lazy loading
Warning: package 'tidyverse' was built under R version 4.1.3
Warning: package 'tibble' was built under R version 4.1.3
Warning: package 'readr' was built under R version 4.1.3
Warning: package 'purrr' was built under R version 4.1.3
Warning: package 'dplyr' was built under R version 4.1.3
Warning: package 'forcats' was built under R version 4.1.3
Warning: package 'ggfortify' was built under R version 4.1.3
Warning: package 'ggpubr' was built under R version 4.1.3
Warning: package 'RColorBrewer' was built under R version 4.1.3
** help
No man pages found in package  'LIVIVTRA' 
*** installing help indices
** building package indices
** testing if installed package can be loaded from temporary location
*** arch - i386
*** arch - x64
** testing if installed package can be loaded from final location
*** arch - i386
*** arch - x64
** testing if installed package keeps a record of temporary installation path
* DONE (LIVIVTRA)
