[2024-04-14 11:20:44] [INFO]    [OmnipathR] Welcome to OmnipathR!
[2024-04-14 11:20:44] [TRACE]   [OmnipathR] Reading JSON from `C:\Users\nmeim\AppData\Local\cache\OmnipathR/cache.json` (encoding: UTF-8).
[2024-04-14 11:20:44] [TRACE]   [OmnipathR] JSON validation successful: TRUE
[2024-04-14 11:20:44] [INFO]    [OmnipathR] Initialized cache: `C:\Users\nmeim\AppData\Local\cache\OmnipathR`.
[2024-04-14 11:20:44] [TRACE]   [OmnipathR] Reading JSON from `C:/Users/nmeim/Documents/R/win-library/4.1/OmnipathR/db/db_def.json` (encoding: UTF-8).
[2024-04-14 11:20:44] [TRACE]   [OmnipathR] JSON validation successful: TRUE
[2024-04-14 11:20:44] [TRACE]   [OmnipathR] Reading JSON from `C:/Users/nmeim/Documents/R/win-library/4.1/OmnipathR/internal/magic_bytes.json` (encoding: UTF-8).
[2024-04-14 11:20:44] [TRACE]   [OmnipathR] JSON validation successful: TRUE
[2024-04-14 11:20:44] [TRACE]   [OmnipathR] Reading JSON from `C:/Users/nmeim/Documents/R/win-library/4.1/OmnipathR/internal/urls.json` (encoding: UTF-8).
[2024-04-14 11:20:44] [TRACE]   [OmnipathR] JSON validation successful: TRUE
[2024-04-14 11:20:44] [TRACE]   [OmnipathR] Reading JSON from `C:/Users/nmeim/Documents/R/win-library/4.1/OmnipathR/internal/id_types.json` (encoding: UTF-8).
[2024-04-14 11:20:44] [TRACE]   [OmnipathR] JSON validation successful: TRUE
[2024-04-14 11:20:47] [INFO]    [OmnipathR] Loading database `Ensembl and OMA organism names`.
[2024-04-14 11:20:47] [INFO]    [OmnipathR] Looking up in cache `https://www.ensembl.org/info/about/species.html`: key=7332486db7400730697234bad76ca0c8e4d00799, latest version=1.
[2024-04-14 11:20:47] [TRACE]   [OmnipathR] Cache file path: C:\Users\nmeim\AppData\Local\cache\OmnipathR/7332486db7400730697234bad76ca0c8e4d00799-1.html
[2024-04-14 11:20:47] [TRACE]   [OmnipathR] Looking up in cache: `https://omabrowser.org/All/oma-species.txt`.
[2024-04-14 11:20:47] [TRACE]   [OmnipathR] Loaded data from RDS `C:\Users\nmeim\AppData\Local\cache\OmnipathR/30e690cbb55dfc63b5903ab337f34ffc2f4be397-1.rds`.
[2024-04-14 11:20:47] [INFO]    [OmnipathR] Loaded database `Ensembl and OMA organism names`.
[2024-04-14 11:20:48] [TRACE]   [OmnipathR] Looking up in cache: `https://omnipathdb.org/interactions?genesymbols=yes&datasets=omnipath&organisms=9606&fields=sources,references,curation_effort&license=academic`
[2024-04-14 11:20:48] [TRACE]   [OmnipathR] Loaded data from RDS `C:\Users\nmeim\AppData\Local\cache\OmnipathR/a7b21d9d80a3837a50268df16d168128fc1c6ede-1.rds`.
[2024-04-14 11:20:48] [INFO]    [OmnipathR] Loaded from cache: `https://omnipathdb.org/interactions?genesymbols=yes&datasets=omnipath&organisms=9606&fields=sources,references,curation_effort&license=academic`
[2024-04-14 11:20:49] [SUCCESS] [OmnipathR] Loaded 40014 interactions from cache.
[2024-04-14 11:21:08] [TRACE]   [OmnipathR] Looking up in cache: `https://omnipathdb.org/interactions?genesymbols=yes&datasets=omnipath&organisms=9606&fields=sources,references,curation_effort&license=academic`
[2024-04-14 11:21:08] [TRACE]   [OmnipathR] Loaded data from RDS `C:\Users\nmeim\AppData\Local\cache\OmnipathR/a7b21d9d80a3837a50268df16d168128fc1c6ede-1.rds`.
[2024-04-14 11:21:08] [INFO]    [OmnipathR] Loaded from cache: `https://omnipathdb.org/interactions?genesymbols=yes&datasets=omnipath&organisms=9606&fields=sources,references,curation_effort&license=academic`
[2024-04-14 11:21:09] [SUCCESS] [OmnipathR] Loaded 40014 interactions from cache.
[2024-04-14 11:23:26] [TRACE]   [OmnipathR] Reading JSON from `https://omnipathdb.org/resources` (encoding: UTF-8).
[2024-04-14 11:23:26] [TRACE]   [OmnipathR] JSON validation successful: TRUE
[2024-04-14 11:23:26] [TRACE]   [OmnipathR] Looking up in cache: `https://omnipathdb.org/interactions?genesymbols=yes&resources=Guide2Pharma,HPMR,ICELLNET,Kirouac2010,CellTalkDB,connectomeDB2020&datasets=omnipath,pathwayextra,kinaseextra,ligrecextra&organisms=9606&fields=sources,references,curation_effort&license=academic`
[2024-04-14 11:23:26] [INFO]    [OmnipathR] Cache record does not exist: `https://omnipathdb.org/interactions?genesymbols=yes&resources=Guide2Pharma,HPMR,ICELLNET,Kirouac2010,CellTalkDB,connectomeDB2020&datasets=omnipath,pathwayextra,kinaseextra,ligrecextra&organisms=9606&fields=sources,references,curation_effort&license=academic`
[2024-04-14 11:23:26] [TRACE]   [OmnipathR] Looking up in cache: `http://no-tls.omnipathdb.org/interactions?genesymbols=yes&resources=Guide2Pharma,HPMR,ICELLNET,Kirouac2010,CellTalkDB,connectomeDB2020&datasets=omnipath,pathwayextra,kinaseextra,ligrecextra&organisms=9606&fields=sources,references,curation_effort&license=academic`
[2024-04-14 11:23:26] [INFO]    [OmnipathR] Cache record does not exist: `http://no-tls.omnipathdb.org/interactions?genesymbols=yes&resources=Guide2Pharma,HPMR,ICELLNET,Kirouac2010,CellTalkDB,connectomeDB2020&datasets=omnipath,pathwayextra,kinaseextra,ligrecextra&organisms=9606&fields=sources,references,curation_effort&license=academic`
[2024-04-14 11:23:26] [TRACE]   [OmnipathR] Attempting `https://omnipathdb.org/interactions?genesymbols=yes&resources=Guide2Pharma,HPMR,ICELLNET,Kirouac2010,CellTalkDB,connectomeDB2020&datasets=omnipath,pathwayextra,kinaseextra,ligrecextra&organisms=9606&fields=sources,references,curation_effort&license=academic`
[2024-04-14 11:23:26] [INFO]    [OmnipathR] Retrieving URL: `https://omnipathdb.org/interactions?genesymbols=yes&resources=Guide2Pharma,HPMR,ICELLNET,Kirouac2010,CellTalkDB,connectomeDB2020&datasets=omnipath,pathwayextra,kinaseextra,ligrecextra&organisms=9606&fields=sources,references,curation_effort&license=academic`
[2024-04-14 11:23:26] [TRACE]   [OmnipathR] Attempt 1/3: `https://omnipathdb.org/interactions?genesymbols=yes&resources=Guide2Pharma,HPMR,ICELLNET,Kirouac2010,CellTalkDB,connectomeDB2020&datasets=omnipath,pathwayextra,kinaseextra,ligrecextra&organisms=9606&fields=sources,references,curation_effort&license=academic`
[2024-04-14 11:23:27] [INFO]    [OmnipathR] Successfully retrieved: `https://omnipathdb.org/interactions?genesymbols=yes&resources=Guide2Pharma,HPMR,ICELLNET,Kirouac2010,CellTalkDB,connectomeDB2020&datasets=omnipath,pathwayextra,kinaseextra,ligrecextra&organisms=9606&fields=sources,references,curation_effort&license=academic`
[2024-04-14 11:23:27] [TRACE]   [OmnipathR] Reading JSON from `C:\Users\nmeim\AppData\Local\cache\OmnipathR/cache.json` (encoding: UTF-8).
[2024-04-14 11:23:27] [TRACE]   [OmnipathR] JSON validation successful: TRUE
[2024-04-14 11:23:27] [TRACE]   [OmnipathR] Reading JSON from `C:\Users\nmeim\AppData\Local\cache\OmnipathR/cache.json` (encoding: UTF-8).
[2024-04-14 11:23:27] [TRACE]   [OmnipathR] JSON validation successful: TRUE
[2024-04-14 11:23:27] [INFO]    [OmnipathR] Cache item `69503cb1a01671e7c77c0e80e6ca0ce4110a89fe` version 1: status changed from `unknown` to `started`.
[2024-04-14 11:23:27] [TRACE]   [OmnipathR] Exporting object to RDS: `C:\Users\nmeim\AppData\Local\cache\OmnipathR/69503cb1a01671e7c77c0e80e6ca0ce4110a89fe-1.rds`.
[2024-04-14 11:23:27] [TRACE]   [OmnipathR] Exported RDS to `C:\Users\nmeim\AppData\Local\cache\OmnipathR/69503cb1a01671e7c77c0e80e6ca0ce4110a89fe-1.rds`.
[2024-04-14 11:23:27] [INFO]    [OmnipathR] Download ready [key=69503cb1a01671e7c77c0e80e6ca0ce4110a89fe, version=1]
[2024-04-14 11:23:27] [TRACE]   [OmnipathR] Reading JSON from `C:\Users\nmeim\AppData\Local\cache\OmnipathR/cache.json` (encoding: UTF-8).
[2024-04-14 11:23:27] [TRACE]   [OmnipathR] JSON validation successful: TRUE
[2024-04-14 11:23:27] [INFO]    [OmnipathR] Cache item `69503cb1a01671e7c77c0e80e6ca0ce4110a89fe` version 1: status changed from `started` to `ready`.
[2024-04-14 11:23:27] [SUCCESS] [OmnipathR] Downloaded 4568 interactions.
[2024-04-14 11:23:28] [TRACE]   [OmnipathR] Reading JSON from `https://omnipathdb.org/resources` (encoding: UTF-8).
[2024-04-14 11:23:28] [TRACE]   [OmnipathR] JSON validation successful: TRUE
[2024-04-14 11:23:28] [TRACE]   [OmnipathR] Looking up in cache: `https://omnipathdb.org/interactions?genesymbols=yes&resources=CellPhoneDB&datasets=omnipath,pathwayextra,kinaseextra,ligrecextra&organisms=9606&fields=extra_attrs,sources,references,curation_effort&license=academic`
[2024-04-14 11:23:28] [INFO]    [OmnipathR] Cache record does not exist: `https://omnipathdb.org/interactions?genesymbols=yes&resources=CellPhoneDB&datasets=omnipath,pathwayextra,kinaseextra,ligrecextra&organisms=9606&fields=extra_attrs,sources,references,curation_effort&license=academic`
[2024-04-14 11:23:28] [TRACE]   [OmnipathR] Looking up in cache: `http://no-tls.omnipathdb.org/interactions?genesymbols=yes&resources=CellPhoneDB&datasets=omnipath,pathwayextra,kinaseextra,ligrecextra&organisms=9606&fields=extra_attrs,sources,references,curation_effort&license=academic`
[2024-04-14 11:23:28] [INFO]    [OmnipathR] Cache record does not exist: `http://no-tls.omnipathdb.org/interactions?genesymbols=yes&resources=CellPhoneDB&datasets=omnipath,pathwayextra,kinaseextra,ligrecextra&organisms=9606&fields=extra_attrs,sources,references,curation_effort&license=academic`
[2024-04-14 11:23:28] [TRACE]   [OmnipathR] Attempting `https://omnipathdb.org/interactions?genesymbols=yes&resources=CellPhoneDB&datasets=omnipath,pathwayextra,kinaseextra,ligrecextra&organisms=9606&fields=extra_attrs,sources,references,curation_effort&license=academic`
[2024-04-14 11:23:28] [INFO]    [OmnipathR] Retrieving URL: `https://omnipathdb.org/interactions?genesymbols=yes&resources=CellPhoneDB&datasets=omnipath,pathwayextra,kinaseextra,ligrecextra&organisms=9606&fields=extra_attrs,sources,references,curation_effort&license=academic`
[2024-04-14 11:23:28] [TRACE]   [OmnipathR] Attempt 1/3: `https://omnipathdb.org/interactions?genesymbols=yes&resources=CellPhoneDB&datasets=omnipath,pathwayextra,kinaseextra,ligrecextra&organisms=9606&fields=extra_attrs,sources,references,curation_effort&license=academic`
[2024-04-14 11:23:29] [INFO]    [OmnipathR] Successfully retrieved: `https://omnipathdb.org/interactions?genesymbols=yes&resources=CellPhoneDB&datasets=omnipath,pathwayextra,kinaseextra,ligrecextra&organisms=9606&fields=extra_attrs,sources,references,curation_effort&license=academic`
[2024-04-14 11:23:29] [TRACE]   [OmnipathR] Reading JSON from `C:\Users\nmeim\AppData\Local\cache\OmnipathR/cache.json` (encoding: UTF-8).
[2024-04-14 11:23:29] [TRACE]   [OmnipathR] JSON validation successful: TRUE
[2024-04-14 11:23:29] [TRACE]   [OmnipathR] Reading JSON from `C:\Users\nmeim\AppData\Local\cache\OmnipathR/cache.json` (encoding: UTF-8).
[2024-04-14 11:23:29] [TRACE]   [OmnipathR] JSON validation successful: TRUE
[2024-04-14 11:23:29] [INFO]    [OmnipathR] Cache item `ec8c89037e2c920468342c7c2326c74a5474eedc` version 1: status changed from `unknown` to `started`.
[2024-04-14 11:23:29] [TRACE]   [OmnipathR] Exporting object to RDS: `C:\Users\nmeim\AppData\Local\cache\OmnipathR/ec8c89037e2c920468342c7c2326c74a5474eedc-1.rds`.
[2024-04-14 11:23:29] [TRACE]   [OmnipathR] Exported RDS to `C:\Users\nmeim\AppData\Local\cache\OmnipathR/ec8c89037e2c920468342c7c2326c74a5474eedc-1.rds`.
[2024-04-14 11:23:29] [INFO]    [OmnipathR] Download ready [key=ec8c89037e2c920468342c7c2326c74a5474eedc, version=1]
[2024-04-14 11:23:29] [TRACE]   [OmnipathR] Reading JSON from `C:\Users\nmeim\AppData\Local\cache\OmnipathR/cache.json` (encoding: UTF-8).
[2024-04-14 11:23:29] [TRACE]   [OmnipathR] JSON validation successful: TRUE
[2024-04-14 11:23:30] [INFO]    [OmnipathR] Cache item `ec8c89037e2c920468342c7c2326c74a5474eedc` version 1: status changed from `started` to `ready`.
[2024-04-14 11:23:30] [TRACE]   [OmnipathR] Converting JSON column `extra_attrs` to list.
[2024-04-14 11:23:30] [SUCCESS] [OmnipathR] Downloaded 2879 interactions.
[2024-04-14 11:23:31] [TRACE]   [OmnipathR] Reading JSON from `https://omnipathdb.org/resources` (encoding: UTF-8).
[2024-04-14 11:23:31] [TRACE]   [OmnipathR] JSON validation successful: TRUE
[2024-04-14 11:23:31] [TRACE]   [OmnipathR] Looking up in cache: `https://omnipathdb.org/interactions?genesymbols=yes&resources=Cellinker&datasets=omnipath,pathwayextra,kinaseextra,ligrecextra&organisms=9606&fields=extra_attrs,sources,references,curation_effort&license=academic`
[2024-04-14 11:23:31] [INFO]    [OmnipathR] Cache record does not exist: `https://omnipathdb.org/interactions?genesymbols=yes&resources=Cellinker&datasets=omnipath,pathwayextra,kinaseextra,ligrecextra&organisms=9606&fields=extra_attrs,sources,references,curation_effort&license=academic`
[2024-04-14 11:23:31] [TRACE]   [OmnipathR] Looking up in cache: `http://no-tls.omnipathdb.org/interactions?genesymbols=yes&resources=Cellinker&datasets=omnipath,pathwayextra,kinaseextra,ligrecextra&organisms=9606&fields=extra_attrs,sources,references,curation_effort&license=academic`
[2024-04-14 11:23:31] [INFO]    [OmnipathR] Cache record does not exist: `http://no-tls.omnipathdb.org/interactions?genesymbols=yes&resources=Cellinker&datasets=omnipath,pathwayextra,kinaseextra,ligrecextra&organisms=9606&fields=extra_attrs,sources,references,curation_effort&license=academic`
[2024-04-14 11:23:31] [TRACE]   [OmnipathR] Attempting `https://omnipathdb.org/interactions?genesymbols=yes&resources=Cellinker&datasets=omnipath,pathwayextra,kinaseextra,ligrecextra&organisms=9606&fields=extra_attrs,sources,references,curation_effort&license=academic`
[2024-04-14 11:23:31] [INFO]    [OmnipathR] Retrieving URL: `https://omnipathdb.org/interactions?genesymbols=yes&resources=Cellinker&datasets=omnipath,pathwayextra,kinaseextra,ligrecextra&organisms=9606&fields=extra_attrs,sources,references,curation_effort&license=academic`
[2024-04-14 11:23:31] [TRACE]   [OmnipathR] Attempt 1/3: `https://omnipathdb.org/interactions?genesymbols=yes&resources=Cellinker&datasets=omnipath,pathwayextra,kinaseextra,ligrecextra&organisms=9606&fields=extra_attrs,sources,references,curation_effort&license=academic`
[2024-04-14 11:23:32] [INFO]    [OmnipathR] Successfully retrieved: `https://omnipathdb.org/interactions?genesymbols=yes&resources=Cellinker&datasets=omnipath,pathwayextra,kinaseextra,ligrecextra&organisms=9606&fields=extra_attrs,sources,references,curation_effort&license=academic`
[2024-04-14 11:23:32] [TRACE]   [OmnipathR] Reading JSON from `C:\Users\nmeim\AppData\Local\cache\OmnipathR/cache.json` (encoding: UTF-8).
[2024-04-14 11:23:32] [TRACE]   [OmnipathR] JSON validation successful: TRUE
[2024-04-14 11:23:32] [TRACE]   [OmnipathR] Reading JSON from `C:\Users\nmeim\AppData\Local\cache\OmnipathR/cache.json` (encoding: UTF-8).
[2024-04-14 11:23:32] [TRACE]   [OmnipathR] JSON validation successful: TRUE
[2024-04-14 11:23:32] [INFO]    [OmnipathR] Cache item `8173bc9dfc09711dc80f48d9c3c5bd57af3d8be5` version 1: status changed from `unknown` to `started`.
[2024-04-14 11:23:32] [TRACE]   [OmnipathR] Exporting object to RDS: `C:\Users\nmeim\AppData\Local\cache\OmnipathR/8173bc9dfc09711dc80f48d9c3c5bd57af3d8be5-1.rds`.
[2024-04-14 11:23:32] [TRACE]   [OmnipathR] Exported RDS to `C:\Users\nmeim\AppData\Local\cache\OmnipathR/8173bc9dfc09711dc80f48d9c3c5bd57af3d8be5-1.rds`.
[2024-04-14 11:23:32] [INFO]    [OmnipathR] Download ready [key=8173bc9dfc09711dc80f48d9c3c5bd57af3d8be5, version=1]
[2024-04-14 11:23:32] [TRACE]   [OmnipathR] Reading JSON from `C:\Users\nmeim\AppData\Local\cache\OmnipathR/cache.json` (encoding: UTF-8).
[2024-04-14 11:23:32] [TRACE]   [OmnipathR] JSON validation successful: TRUE
[2024-04-14 11:23:32] [INFO]    [OmnipathR] Cache item `8173bc9dfc09711dc80f48d9c3c5bd57af3d8be5` version 1: status changed from `started` to `ready`.
[2024-04-14 11:23:32] [TRACE]   [OmnipathR] Converting JSON column `extra_attrs` to list.
[2024-04-14 11:23:32] [SUCCESS] [OmnipathR] Downloaded 3765 interactions.
[2024-04-14 11:23:33] [TRACE]   [OmnipathR] Reading JSON from `https://omnipathdb.org/resources` (encoding: UTF-8).
[2024-04-14 11:23:33] [TRACE]   [OmnipathR] JSON validation successful: TRUE
[2024-04-14 11:23:33] [TRACE]   [OmnipathR] Looking up in cache: `https://omnipathdb.org/interactions?genesymbols=yes&resources=talklr&datasets=omnipath,pathwayextra,kinaseextra,ligrecextra&organisms=9606&fields=extra_attrs,sources,references,curation_effort&license=academic`
[2024-04-14 11:23:33] [INFO]    [OmnipathR] Cache record does not exist: `https://omnipathdb.org/interactions?genesymbols=yes&resources=talklr&datasets=omnipath,pathwayextra,kinaseextra,ligrecextra&organisms=9606&fields=extra_attrs,sources,references,curation_effort&license=academic`
[2024-04-14 11:23:33] [TRACE]   [OmnipathR] Looking up in cache: `http://no-tls.omnipathdb.org/interactions?genesymbols=yes&resources=talklr&datasets=omnipath,pathwayextra,kinaseextra,ligrecextra&organisms=9606&fields=extra_attrs,sources,references,curation_effort&license=academic`
[2024-04-14 11:23:33] [INFO]    [OmnipathR] Cache record does not exist: `http://no-tls.omnipathdb.org/interactions?genesymbols=yes&resources=talklr&datasets=omnipath,pathwayextra,kinaseextra,ligrecextra&organisms=9606&fields=extra_attrs,sources,references,curation_effort&license=academic`
[2024-04-14 11:23:33] [TRACE]   [OmnipathR] Attempting `https://omnipathdb.org/interactions?genesymbols=yes&resources=talklr&datasets=omnipath,pathwayextra,kinaseextra,ligrecextra&organisms=9606&fields=extra_attrs,sources,references,curation_effort&license=academic`
[2024-04-14 11:23:33] [INFO]    [OmnipathR] Retrieving URL: `https://omnipathdb.org/interactions?genesymbols=yes&resources=talklr&datasets=omnipath,pathwayextra,kinaseextra,ligrecextra&organisms=9606&fields=extra_attrs,sources,references,curation_effort&license=academic`
[2024-04-14 11:23:33] [TRACE]   [OmnipathR] Attempt 1/3: `https://omnipathdb.org/interactions?genesymbols=yes&resources=talklr&datasets=omnipath,pathwayextra,kinaseextra,ligrecextra&organisms=9606&fields=extra_attrs,sources,references,curation_effort&license=academic`
[2024-04-14 11:23:36] [INFO]    [OmnipathR] Successfully retrieved: `https://omnipathdb.org/interactions?genesymbols=yes&resources=talklr&datasets=omnipath,pathwayextra,kinaseextra,ligrecextra&organisms=9606&fields=extra_attrs,sources,references,curation_effort&license=academic`
[2024-04-14 11:23:36] [TRACE]   [OmnipathR] Reading JSON from `C:\Users\nmeim\AppData\Local\cache\OmnipathR/cache.json` (encoding: UTF-8).
[2024-04-14 11:23:36] [TRACE]   [OmnipathR] JSON validation successful: TRUE
[2024-04-14 11:23:36] [TRACE]   [OmnipathR] Reading JSON from `C:\Users\nmeim\AppData\Local\cache\OmnipathR/cache.json` (encoding: UTF-8).
[2024-04-14 11:23:36] [TRACE]   [OmnipathR] JSON validation successful: TRUE
[2024-04-14 11:23:36] [INFO]    [OmnipathR] Cache item `b2de51666493a9c70a7b375972a2557903c14763` version 1: status changed from `unknown` to `started`.
[2024-04-14 11:23:36] [TRACE]   [OmnipathR] Exporting object to RDS: `C:\Users\nmeim\AppData\Local\cache\OmnipathR/b2de51666493a9c70a7b375972a2557903c14763-1.rds`.
[2024-04-14 11:23:36] [TRACE]   [OmnipathR] Exported RDS to `C:\Users\nmeim\AppData\Local\cache\OmnipathR/b2de51666493a9c70a7b375972a2557903c14763-1.rds`.
[2024-04-14 11:23:36] [INFO]    [OmnipathR] Download ready [key=b2de51666493a9c70a7b375972a2557903c14763, version=1]
[2024-04-14 11:23:36] [TRACE]   [OmnipathR] Reading JSON from `C:\Users\nmeim\AppData\Local\cache\OmnipathR/cache.json` (encoding: UTF-8).
[2024-04-14 11:23:36] [TRACE]   [OmnipathR] JSON validation successful: TRUE
[2024-04-14 11:23:36] [INFO]    [OmnipathR] Cache item `b2de51666493a9c70a7b375972a2557903c14763` version 1: status changed from `started` to `ready`.
[2024-04-14 11:23:36] [TRACE]   [OmnipathR] Converting JSON column `extra_attrs` to list.
[2024-04-14 11:23:36] [SUCCESS] [OmnipathR] Downloaded 2484 interactions.
[2024-04-14 11:23:37] [TRACE]   [OmnipathR] Reading JSON from `https://omnipathdb.org/resources` (encoding: UTF-8).
[2024-04-14 11:23:37] [TRACE]   [OmnipathR] JSON validation successful: TRUE
[2024-04-14 11:23:37] [TRACE]   [OmnipathR] Looking up in cache: `https://omnipathdb.org/interactions?genesymbols=yes&resources=CellChatDB&datasets=omnipath,pathwayextra,kinaseextra,ligrecextra&organisms=9606&fields=extra_attrs,sources,references,curation_effort&license=academic`
[2024-04-14 11:23:37] [INFO]    [OmnipathR] Cache record does not exist: `https://omnipathdb.org/interactions?genesymbols=yes&resources=CellChatDB&datasets=omnipath,pathwayextra,kinaseextra,ligrecextra&organisms=9606&fields=extra_attrs,sources,references,curation_effort&license=academic`
[2024-04-14 11:23:37] [TRACE]   [OmnipathR] Looking up in cache: `http://no-tls.omnipathdb.org/interactions?genesymbols=yes&resources=CellChatDB&datasets=omnipath,pathwayextra,kinaseextra,ligrecextra&organisms=9606&fields=extra_attrs,sources,references,curation_effort&license=academic`
[2024-04-14 11:23:37] [INFO]    [OmnipathR] Cache record does not exist: `http://no-tls.omnipathdb.org/interactions?genesymbols=yes&resources=CellChatDB&datasets=omnipath,pathwayextra,kinaseextra,ligrecextra&organisms=9606&fields=extra_attrs,sources,references,curation_effort&license=academic`
[2024-04-14 11:23:37] [TRACE]   [OmnipathR] Attempting `https://omnipathdb.org/interactions?genesymbols=yes&resources=CellChatDB&datasets=omnipath,pathwayextra,kinaseextra,ligrecextra&organisms=9606&fields=extra_attrs,sources,references,curation_effort&license=academic`
[2024-04-14 11:23:37] [INFO]    [OmnipathR] Retrieving URL: `https://omnipathdb.org/interactions?genesymbols=yes&resources=CellChatDB&datasets=omnipath,pathwayextra,kinaseextra,ligrecextra&organisms=9606&fields=extra_attrs,sources,references,curation_effort&license=academic`
[2024-04-14 11:23:37] [TRACE]   [OmnipathR] Attempt 1/3: `https://omnipathdb.org/interactions?genesymbols=yes&resources=CellChatDB&datasets=omnipath,pathwayextra,kinaseextra,ligrecextra&organisms=9606&fields=extra_attrs,sources,references,curation_effort&license=academic`
[2024-04-14 11:23:38] [INFO]    [OmnipathR] Successfully retrieved: `https://omnipathdb.org/interactions?genesymbols=yes&resources=CellChatDB&datasets=omnipath,pathwayextra,kinaseextra,ligrecextra&organisms=9606&fields=extra_attrs,sources,references,curation_effort&license=academic`
[2024-04-14 11:23:38] [TRACE]   [OmnipathR] Reading JSON from `C:\Users\nmeim\AppData\Local\cache\OmnipathR/cache.json` (encoding: UTF-8).
[2024-04-14 11:23:38] [TRACE]   [OmnipathR] JSON validation successful: TRUE
[2024-04-14 11:23:38] [TRACE]   [OmnipathR] Reading JSON from `C:\Users\nmeim\AppData\Local\cache\OmnipathR/cache.json` (encoding: UTF-8).
[2024-04-14 11:23:38] [TRACE]   [OmnipathR] JSON validation successful: TRUE
[2024-04-14 11:23:38] [INFO]    [OmnipathR] Cache item `fedf7fd37a8e863f804aa073f2ae480ff78001e5` version 1: status changed from `unknown` to `started`.
[2024-04-14 11:23:38] [TRACE]   [OmnipathR] Exporting object to RDS: `C:\Users\nmeim\AppData\Local\cache\OmnipathR/fedf7fd37a8e863f804aa073f2ae480ff78001e5-1.rds`.
[2024-04-14 11:23:38] [TRACE]   [OmnipathR] Exported RDS to `C:\Users\nmeim\AppData\Local\cache\OmnipathR/fedf7fd37a8e863f804aa073f2ae480ff78001e5-1.rds`.
[2024-04-14 11:23:39] [INFO]    [OmnipathR] Download ready [key=fedf7fd37a8e863f804aa073f2ae480ff78001e5, version=1]
[2024-04-14 11:23:39] [TRACE]   [OmnipathR] Reading JSON from `C:\Users\nmeim\AppData\Local\cache\OmnipathR/cache.json` (encoding: UTF-8).
[2024-04-14 11:23:39] [TRACE]   [OmnipathR] JSON validation successful: TRUE
[2024-04-14 11:23:39] [INFO]    [OmnipathR] Cache item `fedf7fd37a8e863f804aa073f2ae480ff78001e5` version 1: status changed from `started` to `ready`.
[2024-04-14 11:23:39] [TRACE]   [OmnipathR] Converting JSON column `extra_attrs` to list.
[2024-04-14 11:23:39] [SUCCESS] [OmnipathR] Downloaded 1894 interactions.
[2024-04-14 11:23:39] [TRACE]   [OmnipathR] Reading JSON from `https://omnipathdb.org/resources` (encoding: UTF-8).
[2024-04-14 11:23:39] [TRACE]   [OmnipathR] JSON validation successful: TRUE
[2024-04-14 11:23:39] [TRACE]   [OmnipathR] Looking up in cache: `https://omnipathdb.org/interactions?genesymbols=yes&resources=SignaLink3&datasets=omnipath&organisms=9606&fields=sources,references,curation_effort&license=academic`
[2024-04-14 11:23:39] [INFO]    [OmnipathR] Cache record does not exist: `https://omnipathdb.org/interactions?genesymbols=yes&resources=SignaLink3&datasets=omnipath&organisms=9606&fields=sources,references,curation_effort&license=academic`
[2024-04-14 11:23:39] [TRACE]   [OmnipathR] Looking up in cache: `http://no-tls.omnipathdb.org/interactions?genesymbols=yes&resources=SignaLink3&datasets=omnipath&organisms=9606&fields=sources,references,curation_effort&license=academic`
[2024-04-14 11:23:39] [INFO]    [OmnipathR] Cache record does not exist: `http://no-tls.omnipathdb.org/interactions?genesymbols=yes&resources=SignaLink3&datasets=omnipath&organisms=9606&fields=sources,references,curation_effort&license=academic`
[2024-04-14 11:23:39] [TRACE]   [OmnipathR] Attempting `https://omnipathdb.org/interactions?genesymbols=yes&resources=SignaLink3&datasets=omnipath&organisms=9606&fields=sources,references,curation_effort&license=academic`
[2024-04-14 11:23:39] [INFO]    [OmnipathR] Retrieving URL: `https://omnipathdb.org/interactions?genesymbols=yes&resources=SignaLink3&datasets=omnipath&organisms=9606&fields=sources,references,curation_effort&license=academic`
[2024-04-14 11:23:39] [TRACE]   [OmnipathR] Attempt 1/3: `https://omnipathdb.org/interactions?genesymbols=yes&resources=SignaLink3&datasets=omnipath&organisms=9606&fields=sources,references,curation_effort&license=academic`
[2024-04-14 11:23:40] [INFO]    [OmnipathR] Successfully retrieved: `https://omnipathdb.org/interactions?genesymbols=yes&resources=SignaLink3&datasets=omnipath&organisms=9606&fields=sources,references,curation_effort&license=academic`
[2024-04-14 11:23:40] [TRACE]   [OmnipathR] Reading JSON from `C:\Users\nmeim\AppData\Local\cache\OmnipathR/cache.json` (encoding: UTF-8).
[2024-04-14 11:23:40] [TRACE]   [OmnipathR] JSON validation successful: TRUE
[2024-04-14 11:23:40] [TRACE]   [OmnipathR] Reading JSON from `C:\Users\nmeim\AppData\Local\cache\OmnipathR/cache.json` (encoding: UTF-8).
[2024-04-14 11:23:40] [TRACE]   [OmnipathR] JSON validation successful: TRUE
[2024-04-14 11:23:40] [INFO]    [OmnipathR] Cache item `95ee739b50bbfea2c48e5c86a64525084a1dab30` version 1: status changed from `unknown` to `started`.
[2024-04-14 11:23:40] [TRACE]   [OmnipathR] Exporting object to RDS: `C:\Users\nmeim\AppData\Local\cache\OmnipathR/95ee739b50bbfea2c48e5c86a64525084a1dab30-1.rds`.
[2024-04-14 11:23:40] [TRACE]   [OmnipathR] Exported RDS to `C:\Users\nmeim\AppData\Local\cache\OmnipathR/95ee739b50bbfea2c48e5c86a64525084a1dab30-1.rds`.
[2024-04-14 11:23:40] [INFO]    [OmnipathR] Download ready [key=95ee739b50bbfea2c48e5c86a64525084a1dab30, version=1]
[2024-04-14 11:23:40] [TRACE]   [OmnipathR] Reading JSON from `C:\Users\nmeim\AppData\Local\cache\OmnipathR/cache.json` (encoding: UTF-8).
[2024-04-14 11:23:40] [TRACE]   [OmnipathR] JSON validation successful: TRUE
[2024-04-14 11:23:40] [INFO]    [OmnipathR] Cache item `95ee739b50bbfea2c48e5c86a64525084a1dab30` version 1: status changed from `started` to `ready`.
[2024-04-14 11:23:40] [SUCCESS] [OmnipathR] Downloaded 1796 interactions.
[2024-04-14 11:23:41] [TRACE]   [OmnipathR] Reading JSON from `https://omnipathdb.org/resources` (encoding: UTF-8).
[2024-04-14 11:23:41] [TRACE]   [OmnipathR] JSON validation successful: TRUE
[2024-04-14 11:23:41] [TRACE]   [OmnipathR] Looking up in cache: `https://omnipathdb.org/annotations?resources=SignaLink_function&license=academic`
[2024-04-14 11:23:41] [INFO]    [OmnipathR] Cache record does not exist: `https://omnipathdb.org/annotations?resources=SignaLink_function&license=academic`
[2024-04-14 11:23:41] [TRACE]   [OmnipathR] Looking up in cache: `http://no-tls.omnipathdb.org/annotations?resources=SignaLink_function&license=academic`
[2024-04-14 11:23:41] [INFO]    [OmnipathR] Cache record does not exist: `http://no-tls.omnipathdb.org/annotations?resources=SignaLink_function&license=academic`
[2024-04-14 11:23:41] [TRACE]   [OmnipathR] Attempting `https://omnipathdb.org/annotations?resources=SignaLink_function&license=academic`
[2024-04-14 11:23:41] [INFO]    [OmnipathR] Retrieving URL: `https://omnipathdb.org/annotations?resources=SignaLink_function&license=academic`
[2024-04-14 11:23:41] [TRACE]   [OmnipathR] Attempt 1/3: `https://omnipathdb.org/annotations?resources=SignaLink_function&license=academic`
[2024-04-14 11:23:42] [INFO]    [OmnipathR] Successfully retrieved: `https://omnipathdb.org/annotations?resources=SignaLink_function&license=academic`
[2024-04-14 11:23:42] [TRACE]   [OmnipathR] Reading JSON from `C:\Users\nmeim\AppData\Local\cache\OmnipathR/cache.json` (encoding: UTF-8).
[2024-04-14 11:23:42] [TRACE]   [OmnipathR] JSON validation successful: TRUE
[2024-04-14 11:23:42] [TRACE]   [OmnipathR] Reading JSON from `C:\Users\nmeim\AppData\Local\cache\OmnipathR/cache.json` (encoding: UTF-8).
[2024-04-14 11:23:42] [TRACE]   [OmnipathR] JSON validation successful: TRUE
[2024-04-14 11:23:42] [INFO]    [OmnipathR] Cache item `4190db12b9aabca9c0851ec84aa3fbb71b5dfbcd` version 1: status changed from `unknown` to `started`.
[2024-04-14 11:23:42] [TRACE]   [OmnipathR] Exporting object to RDS: `C:\Users\nmeim\AppData\Local\cache\OmnipathR/4190db12b9aabca9c0851ec84aa3fbb71b5dfbcd-1.rds`.
[2024-04-14 11:23:42] [TRACE]   [OmnipathR] Exported RDS to `C:\Users\nmeim\AppData\Local\cache\OmnipathR/4190db12b9aabca9c0851ec84aa3fbb71b5dfbcd-1.rds`.
[2024-04-14 11:23:42] [INFO]    [OmnipathR] Download ready [key=4190db12b9aabca9c0851ec84aa3fbb71b5dfbcd, version=1]
[2024-04-14 11:23:42] [TRACE]   [OmnipathR] Reading JSON from `C:\Users\nmeim\AppData\Local\cache\OmnipathR/cache.json` (encoding: UTF-8).
[2024-04-14 11:23:42] [TRACE]   [OmnipathR] JSON validation successful: TRUE
[2024-04-14 11:23:42] [INFO]    [OmnipathR] Cache item `4190db12b9aabca9c0851ec84aa3fbb71b5dfbcd` version 1: status changed from `started` to `ready`.
[2024-04-14 11:23:42] [SUCCESS] [OmnipathR] Downloaded 2001 annotation records.
[2024-04-14 11:32:02] [TRACE]   [OmnipathR] Looking up in cache: `https://omnipathdb.org/interactions?genesymbols=yes&datasets=omnipath&organisms=9606&fields=sources,references,curation_effort&license=academic`
[2024-04-14 11:32:02] [TRACE]   [OmnipathR] Loaded data from RDS `C:\Users\nmeim\AppData\Local\cache\OmnipathR/a7b21d9d80a3837a50268df16d168128fc1c6ede-1.rds`.
[2024-04-14 11:32:02] [INFO]    [OmnipathR] Loaded from cache: `https://omnipathdb.org/interactions?genesymbols=yes&datasets=omnipath&organisms=9606&fields=sources,references,curation_effort&license=academic`
[2024-04-14 11:32:03] [SUCCESS] [OmnipathR] Loaded 40014 interactions from cache.
[2024-04-14 11:32:19] [TRACE]   [OmnipathR] Reading JSON from `https://omnipathdb.org/resources` (encoding: UTF-8).
[2024-04-14 11:32:19] [TRACE]   [OmnipathR] JSON validation successful: TRUE
[2024-04-14 11:32:19] [TRACE]   [OmnipathR] Looking up in cache: `https://omnipathdb.org/interactions?genesymbols=yes&resources=Guide2Pharma,HPMR,ICELLNET,Kirouac2010,CellTalkDB,connectomeDB2020&datasets=omnipath,pathwayextra,kinaseextra,ligrecextra&organisms=9606&fields=sources,references,curation_effort&license=academic`
[2024-04-14 11:32:19] [TRACE]   [OmnipathR] Loaded data from RDS `C:\Users\nmeim\AppData\Local\cache\OmnipathR/69503cb1a01671e7c77c0e80e6ca0ce4110a89fe-1.rds`.
[2024-04-14 11:32:19] [INFO]    [OmnipathR] Loaded from cache: `https://omnipathdb.org/interactions?genesymbols=yes&resources=Guide2Pharma,HPMR,ICELLNET,Kirouac2010,CellTalkDB,connectomeDB2020&datasets=omnipath,pathwayextra,kinaseextra,ligrecextra&organisms=9606&fields=sources,references,curation_effort&license=academic`
[2024-04-14 11:32:19] [SUCCESS] [OmnipathR] Loaded 4568 interactions from cache.
[2024-04-14 11:32:20] [TRACE]   [OmnipathR] Reading JSON from `https://omnipathdb.org/resources` (encoding: UTF-8).
[2024-04-14 11:32:20] [TRACE]   [OmnipathR] JSON validation successful: TRUE
[2024-04-14 11:32:20] [TRACE]   [OmnipathR] Looking up in cache: `https://omnipathdb.org/interactions?genesymbols=yes&resources=CellPhoneDB&datasets=omnipath,pathwayextra,kinaseextra,ligrecextra&organisms=9606&fields=extra_attrs,sources,references,curation_effort&license=academic`
[2024-04-14 11:32:20] [TRACE]   [OmnipathR] Loaded data from RDS `C:\Users\nmeim\AppData\Local\cache\OmnipathR/ec8c89037e2c920468342c7c2326c74a5474eedc-1.rds`.
[2024-04-14 11:32:20] [INFO]    [OmnipathR] Loaded from cache: `https://omnipathdb.org/interactions?genesymbols=yes&resources=CellPhoneDB&datasets=omnipath,pathwayextra,kinaseextra,ligrecextra&organisms=9606&fields=extra_attrs,sources,references,curation_effort&license=academic`
[2024-04-14 11:32:20] [TRACE]   [OmnipathR] Converting JSON column `extra_attrs` to list.
[2024-04-14 11:32:20] [SUCCESS] [OmnipathR] Loaded 2879 interactions from cache.
[2024-04-14 11:32:21] [TRACE]   [OmnipathR] Reading JSON from `https://omnipathdb.org/resources` (encoding: UTF-8).
[2024-04-14 11:32:21] [TRACE]   [OmnipathR] JSON validation successful: TRUE
[2024-04-14 11:32:21] [TRACE]   [OmnipathR] Looking up in cache: `https://omnipathdb.org/interactions?genesymbols=yes&resources=Cellinker&datasets=omnipath,pathwayextra,kinaseextra,ligrecextra&organisms=9606&fields=extra_attrs,sources,references,curation_effort&license=academic`
[2024-04-14 11:32:21] [TRACE]   [OmnipathR] Loaded data from RDS `C:\Users\nmeim\AppData\Local\cache\OmnipathR/8173bc9dfc09711dc80f48d9c3c5bd57af3d8be5-1.rds`.
[2024-04-14 11:32:21] [INFO]    [OmnipathR] Loaded from cache: `https://omnipathdb.org/interactions?genesymbols=yes&resources=Cellinker&datasets=omnipath,pathwayextra,kinaseextra,ligrecextra&organisms=9606&fields=extra_attrs,sources,references,curation_effort&license=academic`
[2024-04-14 11:32:21] [TRACE]   [OmnipathR] Converting JSON column `extra_attrs` to list.
[2024-04-14 11:32:21] [SUCCESS] [OmnipathR] Loaded 3765 interactions from cache.
[2024-04-14 11:32:21] [TRACE]   [OmnipathR] Reading JSON from `https://omnipathdb.org/resources` (encoding: UTF-8).
[2024-04-14 11:32:21] [TRACE]   [OmnipathR] JSON validation successful: TRUE
[2024-04-14 11:32:22] [TRACE]   [OmnipathR] Looking up in cache: `https://omnipathdb.org/interactions?genesymbols=yes&resources=talklr&datasets=omnipath,pathwayextra,kinaseextra,ligrecextra&organisms=9606&fields=extra_attrs,sources,references,curation_effort&license=academic`
[2024-04-14 11:32:22] [TRACE]   [OmnipathR] Loaded data from RDS `C:\Users\nmeim\AppData\Local\cache\OmnipathR/b2de51666493a9c70a7b375972a2557903c14763-1.rds`.
[2024-04-14 11:32:22] [INFO]    [OmnipathR] Loaded from cache: `https://omnipathdb.org/interactions?genesymbols=yes&resources=talklr&datasets=omnipath,pathwayextra,kinaseextra,ligrecextra&organisms=9606&fields=extra_attrs,sources,references,curation_effort&license=academic`
[2024-04-14 11:32:22] [TRACE]   [OmnipathR] Converting JSON column `extra_attrs` to list.
[2024-04-14 11:32:22] [SUCCESS] [OmnipathR] Loaded 2484 interactions from cache.
[2024-04-14 11:32:23] [TRACE]   [OmnipathR] Reading JSON from `https://omnipathdb.org/resources` (encoding: UTF-8).
[2024-04-14 11:32:23] [TRACE]   [OmnipathR] JSON validation successful: TRUE
[2024-04-14 11:32:23] [TRACE]   [OmnipathR] Looking up in cache: `https://omnipathdb.org/interactions?genesymbols=yes&resources=CellChatDB&datasets=omnipath,pathwayextra,kinaseextra,ligrecextra&organisms=9606&fields=extra_attrs,sources,references,curation_effort&license=academic`
[2024-04-14 11:32:23] [TRACE]   [OmnipathR] Loaded data from RDS `C:\Users\nmeim\AppData\Local\cache\OmnipathR/fedf7fd37a8e863f804aa073f2ae480ff78001e5-1.rds`.
[2024-04-14 11:32:23] [INFO]    [OmnipathR] Loaded from cache: `https://omnipathdb.org/interactions?genesymbols=yes&resources=CellChatDB&datasets=omnipath,pathwayextra,kinaseextra,ligrecextra&organisms=9606&fields=extra_attrs,sources,references,curation_effort&license=academic`
[2024-04-14 11:32:23] [TRACE]   [OmnipathR] Converting JSON column `extra_attrs` to list.
[2024-04-14 11:32:23] [SUCCESS] [OmnipathR] Loaded 1894 interactions from cache.
[2024-04-14 11:32:23] [TRACE]   [OmnipathR] Reading JSON from `https://omnipathdb.org/resources` (encoding: UTF-8).
[2024-04-14 11:32:23] [TRACE]   [OmnipathR] JSON validation successful: TRUE
[2024-04-14 11:32:23] [TRACE]   [OmnipathR] Looking up in cache: `https://omnipathdb.org/interactions?genesymbols=yes&resources=SignaLink3&datasets=omnipath&organisms=9606&fields=sources,references,curation_effort&license=academic`
[2024-04-14 11:32:23] [TRACE]   [OmnipathR] Loaded data from RDS `C:\Users\nmeim\AppData\Local\cache\OmnipathR/95ee739b50bbfea2c48e5c86a64525084a1dab30-1.rds`.
[2024-04-14 11:32:23] [INFO]    [OmnipathR] Loaded from cache: `https://omnipathdb.org/interactions?genesymbols=yes&resources=SignaLink3&datasets=omnipath&organisms=9606&fields=sources,references,curation_effort&license=academic`
[2024-04-14 11:32:24] [SUCCESS] [OmnipathR] Loaded 1796 interactions from cache.
[2024-04-14 11:32:24] [TRACE]   [OmnipathR] Reading JSON from `https://omnipathdb.org/resources` (encoding: UTF-8).
[2024-04-14 11:32:24] [TRACE]   [OmnipathR] JSON validation successful: TRUE
[2024-04-14 11:32:24] [TRACE]   [OmnipathR] Looking up in cache: `https://omnipathdb.org/annotations?resources=SignaLink_function&license=academic`
[2024-04-14 11:32:24] [TRACE]   [OmnipathR] Loaded data from RDS `C:\Users\nmeim\AppData\Local\cache\OmnipathR/4190db12b9aabca9c0851ec84aa3fbb71b5dfbcd-1.rds`.
[2024-04-14 11:32:24] [INFO]    [OmnipathR] Loaded from cache: `https://omnipathdb.org/annotations?resources=SignaLink_function&license=academic`
[2024-04-14 11:32:24] [SUCCESS] [OmnipathR] Loaded 2001 annotation records from cache.
[2024-04-14 11:32:54] [TRACE]   [OmnipathR] Looking up in cache: `https://omnipathdb.org/interactions?genesymbols=yes&datasets=omnipath&organisms=9606&fields=sources,references,curation_effort&license=academic`
[2024-04-14 11:32:54] [TRACE]   [OmnipathR] Loaded data from RDS `C:\Users\nmeim\AppData\Local\cache\OmnipathR/a7b21d9d80a3837a50268df16d168128fc1c6ede-1.rds`.
[2024-04-14 11:32:54] [INFO]    [OmnipathR] Loaded from cache: `https://omnipathdb.org/interactions?genesymbols=yes&datasets=omnipath&organisms=9606&fields=sources,references,curation_effort&license=academic`
[2024-04-14 11:32:55] [SUCCESS] [OmnipathR] Loaded 40014 interactions from cache.
[2024-04-14 11:33:08] [TRACE]   [OmnipathR] Looking up in cache: `https://omnipathdb.org/interactions?genesymbols=yes&datasets=omnipath&organisms=9606&fields=sources,references,curation_effort&license=academic`
[2024-04-14 11:33:08] [TRACE]   [OmnipathR] Loaded data from RDS `C:\Users\nmeim\AppData\Local\cache\OmnipathR/a7b21d9d80a3837a50268df16d168128fc1c6ede-1.rds`.
[2024-04-14 11:33:08] [INFO]    [OmnipathR] Loaded from cache: `https://omnipathdb.org/interactions?genesymbols=yes&datasets=omnipath&organisms=9606&fields=sources,references,curation_effort&license=academic`
[2024-04-14 11:33:10] [SUCCESS] [OmnipathR] Loaded 40014 interactions from cache.
[2024-04-14 11:33:10] [TRACE]   [OmnipathR] Reading JSON from `https://omnipathdb.org/resources` (encoding: UTF-8).
[2024-04-14 11:33:10] [TRACE]   [OmnipathR] JSON validation successful: TRUE
[2024-04-14 11:33:10] [TRACE]   [OmnipathR] Looking up in cache: `https://omnipathdb.org/interactions?genesymbols=yes&resources=Guide2Pharma,HPMR,ICELLNET,Kirouac2010,CellTalkDB,connectomeDB2020&datasets=omnipath,pathwayextra,kinaseextra,ligrecextra&organisms=9606&fields=sources,references,curation_effort&license=academic`
[2024-04-14 11:33:10] [TRACE]   [OmnipathR] Loaded data from RDS `C:\Users\nmeim\AppData\Local\cache\OmnipathR/69503cb1a01671e7c77c0e80e6ca0ce4110a89fe-1.rds`.
[2024-04-14 11:33:10] [INFO]    [OmnipathR] Loaded from cache: `https://omnipathdb.org/interactions?genesymbols=yes&resources=Guide2Pharma,HPMR,ICELLNET,Kirouac2010,CellTalkDB,connectomeDB2020&datasets=omnipath,pathwayextra,kinaseextra,ligrecextra&organisms=9606&fields=sources,references,curation_effort&license=academic`
[2024-04-14 11:33:10] [SUCCESS] [OmnipathR] Loaded 4568 interactions from cache.
[2024-04-14 11:33:11] [TRACE]   [OmnipathR] Reading JSON from `https://omnipathdb.org/resources` (encoding: UTF-8).
[2024-04-14 11:33:11] [TRACE]   [OmnipathR] JSON validation successful: TRUE
[2024-04-14 11:33:11] [TRACE]   [OmnipathR] Looking up in cache: `https://omnipathdb.org/interactions?genesymbols=yes&resources=CellPhoneDB&datasets=omnipath,pathwayextra,kinaseextra,ligrecextra&organisms=9606&fields=extra_attrs,sources,references,curation_effort&license=academic`
[2024-04-14 11:33:11] [TRACE]   [OmnipathR] Loaded data from RDS `C:\Users\nmeim\AppData\Local\cache\OmnipathR/ec8c89037e2c920468342c7c2326c74a5474eedc-1.rds`.
[2024-04-14 11:33:11] [INFO]    [OmnipathR] Loaded from cache: `https://omnipathdb.org/interactions?genesymbols=yes&resources=CellPhoneDB&datasets=omnipath,pathwayextra,kinaseextra,ligrecextra&organisms=9606&fields=extra_attrs,sources,references,curation_effort&license=academic`
[2024-04-14 11:33:11] [TRACE]   [OmnipathR] Converting JSON column `extra_attrs` to list.
[2024-04-14 11:33:11] [SUCCESS] [OmnipathR] Loaded 2879 interactions from cache.
[2024-04-14 11:33:11] [TRACE]   [OmnipathR] Reading JSON from `https://omnipathdb.org/resources` (encoding: UTF-8).
[2024-04-14 11:33:11] [TRACE]   [OmnipathR] JSON validation successful: TRUE
[2024-04-14 11:33:11] [TRACE]   [OmnipathR] Looking up in cache: `https://omnipathdb.org/interactions?genesymbols=yes&resources=Cellinker&datasets=omnipath,pathwayextra,kinaseextra,ligrecextra&organisms=9606&fields=extra_attrs,sources,references,curation_effort&license=academic`
[2024-04-14 11:33:11] [TRACE]   [OmnipathR] Loaded data from RDS `C:\Users\nmeim\AppData\Local\cache\OmnipathR/8173bc9dfc09711dc80f48d9c3c5bd57af3d8be5-1.rds`.
[2024-04-14 11:33:11] [INFO]    [OmnipathR] Loaded from cache: `https://omnipathdb.org/interactions?genesymbols=yes&resources=Cellinker&datasets=omnipath,pathwayextra,kinaseextra,ligrecextra&organisms=9606&fields=extra_attrs,sources,references,curation_effort&license=academic`
[2024-04-14 11:33:11] [TRACE]   [OmnipathR] Converting JSON column `extra_attrs` to list.
[2024-04-14 11:33:12] [SUCCESS] [OmnipathR] Loaded 3765 interactions from cache.
[2024-04-14 11:33:12] [TRACE]   [OmnipathR] Reading JSON from `https://omnipathdb.org/resources` (encoding: UTF-8).
[2024-04-14 11:33:12] [TRACE]   [OmnipathR] JSON validation successful: TRUE
[2024-04-14 11:33:13] [TRACE]   [OmnipathR] Looking up in cache: `https://omnipathdb.org/interactions?genesymbols=yes&resources=talklr&datasets=omnipath,pathwayextra,kinaseextra,ligrecextra&organisms=9606&fields=extra_attrs,sources,references,curation_effort&license=academic`
[2024-04-14 11:33:13] [TRACE]   [OmnipathR] Loaded data from RDS `C:\Users\nmeim\AppData\Local\cache\OmnipathR/b2de51666493a9c70a7b375972a2557903c14763-1.rds`.
[2024-04-14 11:33:13] [INFO]    [OmnipathR] Loaded from cache: `https://omnipathdb.org/interactions?genesymbols=yes&resources=talklr&datasets=omnipath,pathwayextra,kinaseextra,ligrecextra&organisms=9606&fields=extra_attrs,sources,references,curation_effort&license=academic`
[2024-04-14 11:33:13] [TRACE]   [OmnipathR] Converting JSON column `extra_attrs` to list.
[2024-04-14 11:33:13] [SUCCESS] [OmnipathR] Loaded 2484 interactions from cache.
[2024-04-14 11:33:14] [TRACE]   [OmnipathR] Reading JSON from `https://omnipathdb.org/resources` (encoding: UTF-8).
[2024-04-14 11:33:14] [TRACE]   [OmnipathR] JSON validation successful: TRUE
[2024-04-14 11:33:14] [TRACE]   [OmnipathR] Looking up in cache: `https://omnipathdb.org/interactions?genesymbols=yes&resources=CellChatDB&datasets=omnipath,pathwayextra,kinaseextra,ligrecextra&organisms=9606&fields=extra_attrs,sources,references,curation_effort&license=academic`
[2024-04-14 11:33:14] [TRACE]   [OmnipathR] Loaded data from RDS `C:\Users\nmeim\AppData\Local\cache\OmnipathR/fedf7fd37a8e863f804aa073f2ae480ff78001e5-1.rds`.
[2024-04-14 11:33:14] [INFO]    [OmnipathR] Loaded from cache: `https://omnipathdb.org/interactions?genesymbols=yes&resources=CellChatDB&datasets=omnipath,pathwayextra,kinaseextra,ligrecextra&organisms=9606&fields=extra_attrs,sources,references,curation_effort&license=academic`
[2024-04-14 11:33:14] [TRACE]   [OmnipathR] Converting JSON column `extra_attrs` to list.
[2024-04-14 11:33:14] [SUCCESS] [OmnipathR] Loaded 1894 interactions from cache.
[2024-04-14 11:33:14] [TRACE]   [OmnipathR] Reading JSON from `https://omnipathdb.org/resources` (encoding: UTF-8).
[2024-04-14 11:33:14] [TRACE]   [OmnipathR] JSON validation successful: TRUE
[2024-04-14 11:33:14] [TRACE]   [OmnipathR] Looking up in cache: `https://omnipathdb.org/interactions?genesymbols=yes&resources=SignaLink3&datasets=omnipath&organisms=9606&fields=sources,references,curation_effort&license=academic`
[2024-04-14 11:33:14] [TRACE]   [OmnipathR] Loaded data from RDS `C:\Users\nmeim\AppData\Local\cache\OmnipathR/95ee739b50bbfea2c48e5c86a64525084a1dab30-1.rds`.
[2024-04-14 11:33:14] [INFO]    [OmnipathR] Loaded from cache: `https://omnipathdb.org/interactions?genesymbols=yes&resources=SignaLink3&datasets=omnipath&organisms=9606&fields=sources,references,curation_effort&license=academic`
[2024-04-14 11:33:14] [SUCCESS] [OmnipathR] Loaded 1796 interactions from cache.
[2024-04-14 11:33:15] [TRACE]   [OmnipathR] Reading JSON from `https://omnipathdb.org/resources` (encoding: UTF-8).
[2024-04-14 11:33:15] [TRACE]   [OmnipathR] JSON validation successful: TRUE
[2024-04-14 11:33:15] [TRACE]   [OmnipathR] Looking up in cache: `https://omnipathdb.org/annotations?resources=SignaLink_function&license=academic`
[2024-04-14 11:33:15] [TRACE]   [OmnipathR] Loaded data from RDS `C:\Users\nmeim\AppData\Local\cache\OmnipathR/4190db12b9aabca9c0851ec84aa3fbb71b5dfbcd-1.rds`.
[2024-04-14 11:33:15] [INFO]    [OmnipathR] Loaded from cache: `https://omnipathdb.org/annotations?resources=SignaLink_function&license=academic`
[2024-04-14 11:33:15] [SUCCESS] [OmnipathR] Loaded 2001 annotation records from cache.
[2024-04-14 11:53:36] [TRACE]   [OmnipathR] Looking up in cache: `https://omnipathdb.org/interactions?genesymbols=yes&datasets=omnipath&organisms=9606&fields=sources,references,curation_effort&license=academic`
[2024-04-14 11:53:36] [TRACE]   [OmnipathR] Loaded data from RDS `C:\Users\nmeim\AppData\Local\cache\OmnipathR/a7b21d9d80a3837a50268df16d168128fc1c6ede-1.rds`.
[2024-04-14 11:53:36] [INFO]    [OmnipathR] Loaded from cache: `https://omnipathdb.org/interactions?genesymbols=yes&datasets=omnipath&organisms=9606&fields=sources,references,curation_effort&license=academic`
[2024-04-14 11:53:40] [SUCCESS] [OmnipathR] Loaded 40014 interactions from cache.
[2024-04-14 11:53:41] [TRACE]   [OmnipathR] Reading JSON from `https://omnipathdb.org/resources` (encoding: UTF-8).
[2024-04-14 11:53:41] [TRACE]   [OmnipathR] JSON validation successful: TRUE
[2024-04-14 11:53:41] [TRACE]   [OmnipathR] Looking up in cache: `https://omnipathdb.org/interactions?genesymbols=yes&resources=Guide2Pharma,HPMR,ICELLNET,Kirouac2010,CellTalkDB,connectomeDB2020&datasets=omnipath,pathwayextra,kinaseextra,ligrecextra&organisms=9606&fields=sources,references,curation_effort&license=academic`
[2024-04-14 11:53:41] [TRACE]   [OmnipathR] Loaded data from RDS `C:\Users\nmeim\AppData\Local\cache\OmnipathR/69503cb1a01671e7c77c0e80e6ca0ce4110a89fe-1.rds`.
[2024-04-14 11:53:41] [INFO]    [OmnipathR] Loaded from cache: `https://omnipathdb.org/interactions?genesymbols=yes&resources=Guide2Pharma,HPMR,ICELLNET,Kirouac2010,CellTalkDB,connectomeDB2020&datasets=omnipath,pathwayextra,kinaseextra,ligrecextra&organisms=9606&fields=sources,references,curation_effort&license=academic`
[2024-04-14 11:53:41] [SUCCESS] [OmnipathR] Loaded 4568 interactions from cache.
[2024-04-14 11:53:42] [TRACE]   [OmnipathR] Reading JSON from `https://omnipathdb.org/resources` (encoding: UTF-8).
[2024-04-14 11:53:42] [TRACE]   [OmnipathR] JSON validation successful: TRUE
[2024-04-14 11:53:42] [TRACE]   [OmnipathR] Looking up in cache: `https://omnipathdb.org/interactions?genesymbols=yes&resources=CellPhoneDB&datasets=omnipath,pathwayextra,kinaseextra,ligrecextra&organisms=9606&fields=extra_attrs,sources,references,curation_effort&license=academic`
[2024-04-14 11:53:42] [TRACE]   [OmnipathR] Loaded data from RDS `C:\Users\nmeim\AppData\Local\cache\OmnipathR/ec8c89037e2c920468342c7c2326c74a5474eedc-1.rds`.
[2024-04-14 11:53:42] [INFO]    [OmnipathR] Loaded from cache: `https://omnipathdb.org/interactions?genesymbols=yes&resources=CellPhoneDB&datasets=omnipath,pathwayextra,kinaseextra,ligrecextra&organisms=9606&fields=extra_attrs,sources,references,curation_effort&license=academic`
[2024-04-14 11:53:42] [TRACE]   [OmnipathR] Converting JSON column `extra_attrs` to list.
[2024-04-14 11:53:42] [SUCCESS] [OmnipathR] Loaded 2879 interactions from cache.
[2024-04-14 11:53:42] [TRACE]   [OmnipathR] Reading JSON from `https://omnipathdb.org/resources` (encoding: UTF-8).
[2024-04-14 11:53:43] [TRACE]   [OmnipathR] JSON validation successful: TRUE
[2024-04-14 11:53:43] [TRACE]   [OmnipathR] Looking up in cache: `https://omnipathdb.org/interactions?genesymbols=yes&resources=Cellinker&datasets=omnipath,pathwayextra,kinaseextra,ligrecextra&organisms=9606&fields=extra_attrs,sources,references,curation_effort&license=academic`
[2024-04-14 11:53:43] [TRACE]   [OmnipathR] Loaded data from RDS `C:\Users\nmeim\AppData\Local\cache\OmnipathR/8173bc9dfc09711dc80f48d9c3c5bd57af3d8be5-1.rds`.
[2024-04-14 11:53:43] [INFO]    [OmnipathR] Loaded from cache: `https://omnipathdb.org/interactions?genesymbols=yes&resources=Cellinker&datasets=omnipath,pathwayextra,kinaseextra,ligrecextra&organisms=9606&fields=extra_attrs,sources,references,curation_effort&license=academic`
[2024-04-14 11:53:43] [TRACE]   [OmnipathR] Converting JSON column `extra_attrs` to list.
[2024-04-14 11:53:43] [SUCCESS] [OmnipathR] Loaded 3765 interactions from cache.
[2024-04-14 11:53:47] [TRACE]   [OmnipathR] Reading JSON from `https://omnipathdb.org/resources` (encoding: UTF-8).
[2024-04-14 11:53:47] [TRACE]   [OmnipathR] JSON validation successful: TRUE
[2024-04-14 11:53:47] [TRACE]   [OmnipathR] Looking up in cache: `https://omnipathdb.org/interactions?genesymbols=yes&resources=talklr&datasets=omnipath,pathwayextra,kinaseextra,ligrecextra&organisms=9606&fields=extra_attrs,sources,references,curation_effort&license=academic`
[2024-04-14 11:53:47] [TRACE]   [OmnipathR] Loaded data from RDS `C:\Users\nmeim\AppData\Local\cache\OmnipathR/b2de51666493a9c70a7b375972a2557903c14763-1.rds`.
[2024-04-14 11:53:47] [INFO]    [OmnipathR] Loaded from cache: `https://omnipathdb.org/interactions?genesymbols=yes&resources=talklr&datasets=omnipath,pathwayextra,kinaseextra,ligrecextra&organisms=9606&fields=extra_attrs,sources,references,curation_effort&license=academic`
[2024-04-14 11:53:47] [TRACE]   [OmnipathR] Converting JSON column `extra_attrs` to list.
[2024-04-14 11:53:47] [SUCCESS] [OmnipathR] Loaded 2484 interactions from cache.
[2024-04-14 11:53:48] [TRACE]   [OmnipathR] Reading JSON from `https://omnipathdb.org/resources` (encoding: UTF-8).
[2024-04-14 11:53:48] [TRACE]   [OmnipathR] JSON validation successful: TRUE
[2024-04-14 11:53:48] [TRACE]   [OmnipathR] Looking up in cache: `https://omnipathdb.org/interactions?genesymbols=yes&resources=CellChatDB&datasets=omnipath,pathwayextra,kinaseextra,ligrecextra&organisms=9606&fields=extra_attrs,sources,references,curation_effort&license=academic`
[2024-04-14 11:53:48] [TRACE]   [OmnipathR] Loaded data from RDS `C:\Users\nmeim\AppData\Local\cache\OmnipathR/fedf7fd37a8e863f804aa073f2ae480ff78001e5-1.rds`.
[2024-04-14 11:53:48] [INFO]    [OmnipathR] Loaded from cache: `https://omnipathdb.org/interactions?genesymbols=yes&resources=CellChatDB&datasets=omnipath,pathwayextra,kinaseextra,ligrecextra&organisms=9606&fields=extra_attrs,sources,references,curation_effort&license=academic`
[2024-04-14 11:53:48] [TRACE]   [OmnipathR] Converting JSON column `extra_attrs` to list.
[2024-04-14 11:53:48] [SUCCESS] [OmnipathR] Loaded 1894 interactions from cache.
[2024-04-14 11:53:48] [TRACE]   [OmnipathR] Reading JSON from `https://omnipathdb.org/resources` (encoding: UTF-8).
[2024-04-14 11:53:48] [TRACE]   [OmnipathR] JSON validation successful: TRUE
[2024-04-14 11:53:48] [TRACE]   [OmnipathR] Looking up in cache: `https://omnipathdb.org/interactions?genesymbols=yes&resources=SignaLink3&datasets=omnipath&organisms=9606&fields=sources,references,curation_effort&license=academic`
[2024-04-14 11:53:48] [TRACE]   [OmnipathR] Loaded data from RDS `C:\Users\nmeim\AppData\Local\cache\OmnipathR/95ee739b50bbfea2c48e5c86a64525084a1dab30-1.rds`.
[2024-04-14 11:53:48] [INFO]    [OmnipathR] Loaded from cache: `https://omnipathdb.org/interactions?genesymbols=yes&resources=SignaLink3&datasets=omnipath&organisms=9606&fields=sources,references,curation_effort&license=academic`
[2024-04-14 11:53:48] [SUCCESS] [OmnipathR] Loaded 1796 interactions from cache.
[2024-04-14 11:53:49] [TRACE]   [OmnipathR] Reading JSON from `https://omnipathdb.org/resources` (encoding: UTF-8).
[2024-04-14 11:53:49] [TRACE]   [OmnipathR] JSON validation successful: TRUE
[2024-04-14 11:53:49] [TRACE]   [OmnipathR] Looking up in cache: `https://omnipathdb.org/annotations?resources=SignaLink_function&license=academic`
[2024-04-14 11:53:49] [TRACE]   [OmnipathR] Loaded data from RDS `C:\Users\nmeim\AppData\Local\cache\OmnipathR/4190db12b9aabca9c0851ec84aa3fbb71b5dfbcd-1.rds`.
[2024-04-14 11:53:49] [INFO]    [OmnipathR] Loaded from cache: `https://omnipathdb.org/annotations?resources=SignaLink_function&license=academic`
[2024-04-14 11:53:49] [SUCCESS] [OmnipathR] Loaded 2001 annotation records from cache.
