[2024-04-15 17:59:05] [INFO]    [OmnipathR] Welcome to OmnipathR!
[2024-04-15 17:59:05] [TRACE]   [OmnipathR] Reading JSON from `C:\Users\nmeim\AppData\Local\cache\OmnipathR/cache.json` (encoding: UTF-8).
[2024-04-15 17:59:05] [TRACE]   [OmnipathR] JSON validation successful: TRUE
[2024-04-15 17:59:05] [INFO]    [OmnipathR] Initialized cache: `C:\Users\nmeim\AppData\Local\cache\OmnipathR`.
[2024-04-15 17:59:05] [TRACE]   [OmnipathR] Reading JSON from `C:/Users/nmeim/Documents/R/win-library/4.1/OmnipathR/db/db_def.json` (encoding: UTF-8).
[2024-04-15 17:59:05] [TRACE]   [OmnipathR] JSON validation successful: TRUE
[2024-04-15 17:59:05] [TRACE]   [OmnipathR] Reading JSON from `C:/Users/nmeim/Documents/R/win-library/4.1/OmnipathR/internal/magic_bytes.json` (encoding: UTF-8).
[2024-04-15 17:59:05] [TRACE]   [OmnipathR] JSON validation successful: TRUE
[2024-04-15 17:59:05] [TRACE]   [OmnipathR] Reading JSON from `C:/Users/nmeim/Documents/R/win-library/4.1/OmnipathR/internal/urls.json` (encoding: UTF-8).
[2024-04-15 17:59:05] [TRACE]   [OmnipathR] JSON validation successful: TRUE
[2024-04-15 17:59:05] [TRACE]   [OmnipathR] Reading JSON from `C:/Users/nmeim/Documents/R/win-library/4.1/OmnipathR/internal/id_types.json` (encoding: UTF-8).
[2024-04-15 17:59:05] [TRACE]   [OmnipathR] JSON validation successful: TRUE
[2024-04-15 17:59:06] [INFO]    [OmnipathR] Loading database `Ensembl and OMA organism names`.
[2024-04-15 17:59:06] [INFO]    [OmnipathR] Looking up in cache `https://www.ensembl.org/info/about/species.html`: key=7332486db7400730697234bad76ca0c8e4d00799, latest version=1.
[2024-04-15 17:59:06] [TRACE]   [OmnipathR] Cache file path: C:\Users\nmeim\AppData\Local\cache\OmnipathR/7332486db7400730697234bad76ca0c8e4d00799-1.html
[2024-04-15 17:59:06] [TRACE]   [OmnipathR] Looking up in cache: `https://omabrowser.org/All/oma-species.txt`.
[2024-04-15 17:59:06] [TRACE]   [OmnipathR] Loaded data from RDS `C:\Users\nmeim\AppData\Local\cache\OmnipathR/30e690cbb55dfc63b5903ab337f34ffc2f4be397-1.rds`.
[2024-04-15 17:59:06] [INFO]    [OmnipathR] Loaded database `Ensembl and OMA organism names`.
[2024-04-15 17:59:06] [TRACE]   [OmnipathR] Looking up in cache: `https://omnipathdb.org/interactions?genesymbols=yes&datasets=omnipath&organisms=9606&fields=sources,references,curation_effort&license=academic`
[2024-04-15 17:59:07] [TRACE]   [OmnipathR] Loaded data from RDS `C:\Users\nmeim\AppData\Local\cache\OmnipathR/a7b21d9d80a3837a50268df16d168128fc1c6ede-1.rds`.
[2024-04-15 17:59:07] [INFO]    [OmnipathR] Loaded from cache: `https://omnipathdb.org/interactions?genesymbols=yes&datasets=omnipath&organisms=9606&fields=sources,references,curation_effort&license=academic`
[2024-04-15 17:59:13] [INFO]    [OmnipathR] Welcome to OmnipathR!
[2024-04-15 17:59:13] [TRACE]   [OmnipathR] Reading JSON from `C:\Users\nmeim\AppData\Local\cache\OmnipathR/cache.json` (encoding: UTF-8).
[2024-04-15 17:59:13] [TRACE]   [OmnipathR] JSON validation successful: TRUE
[2024-04-15 17:59:13] [INFO]    [OmnipathR] Initialized cache: `C:\Users\nmeim\AppData\Local\cache\OmnipathR`.
[2024-04-15 17:59:13] [TRACE]   [OmnipathR] Reading JSON from `C:/Users/nmeim/Documents/R/win-library/4.1/OmnipathR/db/db_def.json` (encoding: UTF-8).
[2024-04-15 17:59:13] [TRACE]   [OmnipathR] JSON validation successful: TRUE
[2024-04-15 17:59:14] [TRACE]   [OmnipathR] Reading JSON from `C:/Users/nmeim/Documents/R/win-library/4.1/OmnipathR/internal/magic_bytes.json` (encoding: UTF-8).
[2024-04-15 17:59:14] [TRACE]   [OmnipathR] JSON validation successful: TRUE
[2024-04-15 17:59:14] [TRACE]   [OmnipathR] Reading JSON from `C:/Users/nmeim/Documents/R/win-library/4.1/OmnipathR/internal/urls.json` (encoding: UTF-8).
[2024-04-15 17:59:14] [TRACE]   [OmnipathR] JSON validation successful: TRUE
[2024-04-15 17:59:14] [TRACE]   [OmnipathR] Reading JSON from `C:/Users/nmeim/Documents/R/win-library/4.1/OmnipathR/internal/id_types.json` (encoding: UTF-8).
[2024-04-15 17:59:14] [TRACE]   [OmnipathR] JSON validation successful: TRUE
