[2024-04-22 16:19:57] [INFO]    [OmnipathR] Welcome to OmnipathR!
[2024-04-22 16:19:57] [TRACE]   [OmnipathR] Reading JSON from `C:\Users\nmeim\AppData\Local\cache\OmnipathR/cache.json` (encoding: UTF-8).
[2024-04-22 16:19:57] [TRACE]   [OmnipathR] JSON validation successful: TRUE
[2024-04-22 16:19:57] [INFO]    [OmnipathR] Initialized cache: `C:\Users\nmeim\AppData\Local\cache\OmnipathR`.
[2024-04-22 16:19:57] [TRACE]   [OmnipathR] Reading JSON from `C:/Users/nmeim/Documents/R/win-library/4.1/OmnipathR/db/db_def.json` (encoding: UTF-8).
[2024-04-22 16:19:57] [TRACE]   [OmnipathR] JSON validation successful: TRUE
[2024-04-22 16:19:57] [TRACE]   [OmnipathR] Reading JSON from `C:/Users/nmeim/Documents/R/win-library/4.1/OmnipathR/internal/magic_bytes.json` (encoding: UTF-8).
[2024-04-22 16:19:57] [TRACE]   [OmnipathR] JSON validation successful: TRUE
[2024-04-22 16:19:57] [TRACE]   [OmnipathR] Reading JSON from `C:/Users/nmeim/Documents/R/win-library/4.1/OmnipathR/internal/urls.json` (encoding: UTF-8).
[2024-04-22 16:19:57] [TRACE]   [OmnipathR] JSON validation successful: TRUE
[2024-04-22 16:19:57] [TRACE]   [OmnipathR] Reading JSON from `C:/Users/nmeim/Documents/R/win-library/4.1/OmnipathR/internal/id_types.json` (encoding: UTF-8).
[2024-04-22 16:19:57] [TRACE]   [OmnipathR] JSON validation successful: TRUE
[2024-04-22 16:19:59] [INFO]    [OmnipathR] Loading database `Ensembl and OMA organism names`.
[2024-04-22 16:19:59] [INFO]    [OmnipathR] Looking up in cache `https://www.ensembl.org/info/about/species.html`: key=7332486db7400730697234bad76ca0c8e4d00799, latest version=1.
[2024-04-22 16:19:59] [TRACE]   [OmnipathR] Cache file path: C:\Users\nmeim\AppData\Local\cache\OmnipathR/7332486db7400730697234bad76ca0c8e4d00799-1.html
[2024-04-22 16:19:59] [TRACE]   [OmnipathR] Looking up in cache: `https://omabrowser.org/All/oma-species.txt`.
[2024-04-22 16:19:59] [TRACE]   [OmnipathR] Loaded data from RDS `C:\Users\nmeim\AppData\Local\cache\OmnipathR/30e690cbb55dfc63b5903ab337f34ffc2f4be397-1.rds`.
[2024-04-22 16:19:59] [INFO]    [OmnipathR] Loaded database `Ensembl and OMA organism names`.
[2024-04-22 16:20:00] [TRACE]   [OmnipathR] Looking up in cache: `https://omnipathdb.org/interactions?genesymbols=yes&datasets=collectri&organisms=9606&dorothea_levels=A,B&fields=evidences,sources,references,curation_effort&loops=yes&license=academic`
[2024-04-22 16:20:00] [TRACE]   [OmnipathR] Loaded data from RDS `C:\Users\nmeim\AppData\Local\cache\OmnipathR/82abc02990e13a4b0186ba97e7e04cb7c5c780b2-1.rds`.
[2024-04-22 16:20:00] [INFO]    [OmnipathR] Loaded from cache: `https://omnipathdb.org/interactions?genesymbols=yes&datasets=collectri&organisms=9606&dorothea_levels=A,B&fields=evidences,sources,references,curation_effort&loops=yes&license=academic`
[2024-04-22 16:20:00] [TRACE]   [OmnipathR] Converting JSON column `evidences` to list.
[2024-04-22 16:20:04] [TRACE]   [OmnipathR] Restricting interaction records to datasets: collectri; and resources: any
[2024-04-22 16:20:06] [TRACE]   [OmnipathR] Filtering evidence columns: positive, negative, directed, undirected; to datasets: collectri; and resources: any
[2024-04-22 16:20:48] [SUCCESS] [OmnipathR] Downloaded 64958 interactions.
[2024-04-22 16:20:49] [TRACE]   [OmnipathR] Reading JSON from `https://omnipathdb.org/resources` (encoding: UTF-8).
[2024-04-22 16:20:49] [TRACE]   [OmnipathR] JSON validation successful: TRUE
[2024-04-22 16:20:49] [TRACE]   [OmnipathR] Looking up in cache: `https://omnipathdb.org/interactions?genesymbols=yes&resources=CollecTRI&datasets=tf_mirna&organisms=9606&fields=evidences,sources,references,curation_effort&license=academic`
[2024-04-22 16:20:49] [TRACE]   [OmnipathR] Loaded data from RDS `C:\Users\nmeim\AppData\Local\cache\OmnipathR/f7d34500401ba98803b7d2b26c48f64cee1eea1b-1.rds`.
[2024-04-22 16:20:49] [INFO]    [OmnipathR] Loaded from cache: `https://omnipathdb.org/interactions?genesymbols=yes&resources=CollecTRI&datasets=tf_mirna&organisms=9606&fields=evidences,sources,references,curation_effort&license=academic`
[2024-04-22 16:20:49] [TRACE]   [OmnipathR] Converting JSON column `evidences` to list.
[2024-04-22 16:20:49] [TRACE]   [OmnipathR] Restricting interaction records to datasets: tf_mirna; and resources: CollecTRI
[2024-04-22 16:20:49] [TRACE]   [OmnipathR] Filtering evidence columns: positive, negative, directed, undirected; to datasets: tf_mirna; and resources: CollecTRI
[2024-04-22 16:20:50] [SUCCESS] [OmnipathR] Downloaded 232 interactions.
[2024-04-22 16:20:50] [TRACE]   [OmnipathR] Reading JSON from `https://omnipathdb.org/resources` (encoding: UTF-8).
[2024-04-22 16:20:50] [TRACE]   [OmnipathR] JSON validation successful: TRUE
[2024-04-22 16:20:51] [TRACE]   [OmnipathR] Reading JSON from `https://omnipathdb.org/resources` (encoding: UTF-8).
[2024-04-22 16:20:51] [TRACE]   [OmnipathR] JSON validation successful: TRUE
[2024-04-22 16:20:51] [TRACE]   [OmnipathR] Looking up in cache: `https://omnipathdb.org/annotations?resources=PROGENy&license=academic`
[2024-04-22 16:20:52] [TRACE]   [OmnipathR] Loaded data from RDS `C:\Users\nmeim\AppData\Local\cache\OmnipathR/3492392585ba05414edfae46801492076437d7e7-1.rds`.
[2024-04-22 16:20:52] [INFO]    [OmnipathR] Loaded from cache: `https://omnipathdb.org/annotations?resources=PROGENy&license=academic`
[2024-04-22 16:20:52] [SUCCESS] [OmnipathR] Loaded 700239 annotation records from cache.
[2024-04-22 16:24:16] [TRACE]   [OmnipathR] Looking up in cache: `https://omnipathdb.org/interactions?genesymbols=yes&datasets=collectri&organisms=9606&dorothea_levels=A,B&fields=evidences,sources,references,curation_effort&loops=yes&license=academic`
[2024-04-22 16:24:16] [TRACE]   [OmnipathR] Loaded data from RDS `C:\Users\nmeim\AppData\Local\cache\OmnipathR/82abc02990e13a4b0186ba97e7e04cb7c5c780b2-1.rds`.
[2024-04-22 16:24:16] [INFO]    [OmnipathR] Loaded from cache: `https://omnipathdb.org/interactions?genesymbols=yes&datasets=collectri&organisms=9606&dorothea_levels=A,B&fields=evidences,sources,references,curation_effort&loops=yes&license=academic`
[2024-04-22 16:24:16] [TRACE]   [OmnipathR] Converting JSON column `evidences` to list.
[2024-04-22 16:24:19] [TRACE]   [OmnipathR] Restricting interaction records to datasets: collectri; and resources: any
[2024-04-22 16:24:21] [TRACE]   [OmnipathR] Filtering evidence columns: positive, negative, directed, undirected; to datasets: collectri; and resources: any
[2024-04-22 16:24:57] [SUCCESS] [OmnipathR] Downloaded 64958 interactions.
[2024-04-22 16:24:58] [TRACE]   [OmnipathR] Reading JSON from `https://omnipathdb.org/resources` (encoding: UTF-8).
[2024-04-22 16:24:58] [TRACE]   [OmnipathR] JSON validation successful: TRUE
[2024-04-22 16:24:58] [TRACE]   [OmnipathR] Looking up in cache: `https://omnipathdb.org/interactions?genesymbols=yes&resources=CollecTRI&datasets=tf_mirna&organisms=9606&fields=evidences,sources,references,curation_effort&license=academic`
[2024-04-22 16:24:58] [TRACE]   [OmnipathR] Loaded data from RDS `C:\Users\nmeim\AppData\Local\cache\OmnipathR/f7d34500401ba98803b7d2b26c48f64cee1eea1b-1.rds`.
[2024-04-22 16:24:58] [INFO]    [OmnipathR] Loaded from cache: `https://omnipathdb.org/interactions?genesymbols=yes&resources=CollecTRI&datasets=tf_mirna&organisms=9606&fields=evidences,sources,references,curation_effort&license=academic`
[2024-04-22 16:24:58] [TRACE]   [OmnipathR] Converting JSON column `evidences` to list.
[2024-04-22 16:24:58] [TRACE]   [OmnipathR] Restricting interaction records to datasets: tf_mirna; and resources: CollecTRI
[2024-04-22 16:24:58] [TRACE]   [OmnipathR] Filtering evidence columns: positive, negative, directed, undirected; to datasets: tf_mirna; and resources: CollecTRI
[2024-04-22 16:24:58] [SUCCESS] [OmnipathR] Downloaded 232 interactions.
[2024-04-22 16:24:59] [TRACE]   [OmnipathR] Reading JSON from `https://omnipathdb.org/resources` (encoding: UTF-8).
[2024-04-22 16:24:59] [TRACE]   [OmnipathR] JSON validation successful: TRUE
[2024-04-22 16:24:59] [TRACE]   [OmnipathR] Reading JSON from `https://omnipathdb.org/resources` (encoding: UTF-8).
[2024-04-22 16:24:59] [TRACE]   [OmnipathR] JSON validation successful: TRUE
[2024-04-22 16:24:59] [TRACE]   [OmnipathR] Looking up in cache: `https://omnipathdb.org/annotations?resources=PROGENy&license=academic`
[2024-04-22 16:25:00] [TRACE]   [OmnipathR] Loaded data from RDS `C:\Users\nmeim\AppData\Local\cache\OmnipathR/3492392585ba05414edfae46801492076437d7e7-1.rds`.
[2024-04-22 16:25:00] [INFO]    [OmnipathR] Loaded from cache: `https://omnipathdb.org/annotations?resources=PROGENy&license=academic`
[2024-04-22 16:25:00] [SUCCESS] [OmnipathR] Loaded 700239 annotation records from cache.
